#
# A fatal error has been detected by the Java Runtime Environment:
#
#  SIGSEGV (0xb) at pc=0x0000000127a8a93f, pid=58437, tid=0x000000000000a903
#
# JRE version: Java(TM) SE Runtime Environment (8.0_162-b12) (build 1.8.0_162-b12)
# Java VM: Java HotSpot(TM) 64-Bit Server VM (25.162-b12 mixed mode bsd-amd64 compressed oops)
# Problematic frame:
# C  [libtesseract.dylib+0x1293f]  tesseract::Tesseract::recog_all_words(PAGE_RES*, ETEXT_DESC*, TBOX const*, char const*, int)+0xa5
#
# Failed to write core dump. Core dumps have been disabled. To enable core dumping, try "ulimit -c unlimited" before starting Java again
#
# If you would like to submit a bug report, please visit:
#   http://bugreport.java.com/bugreport/crash.jsp
# The crash happened outside the Java Virtual Machine in native code.
# See problematic frame for where to report the bug.
#

---------------  T H R E A D  ---------------

Current thread (0x00007f9b8dc7c800):  JavaThread "http-nio-8850-exec-1" daemon [_thread_in_native, id=43267, stack(0x00007000071f8000,0x00007000072f8000)]

siginfo: si_signo: 11 (SIGSEGV), si_code: 1 (SEGV_MAPERR), si_addr: 0x000000000000000c

Registers:
RAX=0x0000000000000000, RBX=0x0000000000000000, RCX=0x0000000000000000, RDX=0x00007f9b8c0f1eb0
RSP=0x00007000072f41c0, RBP=0x00007000072f4330, RSI=0x0000000000000001, RDI=0x00007000072f4218
R8 =0x0000000000000000, R9 =0x0000000000000000, R10=0x00000000f8000000, R11=0x00007f9b8c600000
R12=0x00007f9b8da55800, R13=0x0000000000000000, R14=0x0000000000000000, R15=0x00007f9b8c614f30
RIP=0x0000000127a8a93f, EFLAGS=0x0000000000010246, ERR=0x0000000000000004
  TRAPNO=0x000000000000000e

Top of Stack: (sp=0x00007000072f41c0)
0x00007000072f41c0:   0000000000000000 00007f9b8c614f30
0x00007000072f41d0:   0000000000000000 0000000000000000
0x00007000072f41e0:   0000000000000000 00007f9b8c62fa00
0x00007000072f41f0:   00007f9b8c60fe20 00007f9b8c0f1eb0
0x00007000072f4200:   0000000000000000 0000000000000000
0x00007000072f4210:   0000000000000000 00007f9b8c614f38
0x00007000072f4220:   00007f9b8c0f1eb0 00007f9b8c0f1eb0
0x00007000072f4230:   00007f9b8c0f1eb0 00007f9b8c630000
0x00007000072f4240:   00007f9b8c0f1eb0 00007f9b8c610001
0x00007000072f4250:   00007f9b8c0f1ed8 00007f9b8c60fe20
0x00007000072f4260:   00007f9b8c60fe20 00007f9b8c60fe20
0x00007000072f4270:   00007f9b8c0f0000 00007f9b8c60fe20
0x00007000072f4280:   00007f9b8c505401 00007f9b8c60fe40
0x00007000072f4290:   00007f9b8c62fa00 00007f9b8c62fa00
0x00007000072f42a0:   00007f9b8c62fa00 00007f9b8da50000
0x00007000072f42b0:   00007f9b8c62fa00 00007f9b89eea401
0x00007000072f42c0:   00007000072f4300 0000000127a7aaa6
0x00007000072f42d0:   00007f9b8da559f8 00007f9b8c658480
0x00007000072f42e0:   00007f9b8c614f30 00007f9b8da55800
0x00007000072f42f0:   0000000000000000 0000000000000000
0x00007000072f4300:   00007000072f4330 00007000072f4301
0x00007000072f4310:   00007f9b8c614f30 00007f9b8da55800
0x00007000072f4320:   00000000ffffffff 00007f9b8c658480
0x00007000072f4330:   00007000072f43a0 0000000127a7c696
0x00007000072f4340:   00007f9b8c658480 00007000072f44f8
0x00007000072f4350:   00007000072f4250 0000000000000000
0x00007000072f4360:   0000000000000001 0000000000000006
0x00007000072f4370:   0100000000000006 00007f9b8c658480
0x00007000072f4380:   0000000000000000 000000010dace534
0x00007000072f4390:   0000000000000000 c03563e08cee0087
0x00007000072f43a0:   00007000072f43e0 0000000127a7b37a
0x00007000072f43b0:   00007000072f43d0 000000010dacaadd 

Instructions: (pc=0x0000000127a8a93f)
0x0000000127a8a91f:   24 c0 16 00 00 00 7e 0d 49 89 de 4c 89 e7 e8 4e
0x0000000127a8a92f:   df 0b 00 eb 19 49 89 de 49 8b 84 24 10 0b 00 00
0x0000000127a8a93f:   80 78 0c 00 74 08 4c 89 e7 e8 a7 df 0b 00 41 83
0x0000000127a8a94f:   bc 24 40 4c 00 00 00 7e 40 31 db 49 8b 84 24 48 

Register to memory mapping:

RAX=0x0000000000000000 is an unknown value
RBX=0x0000000000000000 is an unknown value
RCX=0x0000000000000000 is an unknown value
RDX=0x00007f9b8c0f1eb0 is an unknown value
RSP=0x00007000072f41c0 is pointing into the stack for thread: 0x00007f9b8dc7c800
RBP=0x00007000072f4330 is pointing into the stack for thread: 0x00007f9b8dc7c800
RSI=0x0000000000000001 is an unknown value
RDI=0x00007000072f4218 is pointing into the stack for thread: 0x00007f9b8dc7c800
R8 =0x0000000000000000 is an unknown value
R9 =0x0000000000000000 is an unknown value
R10=0x00000000f8000000 is an unknown value
R11=0x00007f9b8c600000 is an unknown value
R12=0x00007f9b8da55800 is an unknown value
R13=0x0000000000000000 is an unknown value
R14=0x0000000000000000 is an unknown value
R15=0x00007f9b8c614f30 is an unknown value


Stack: [0x00007000071f8000,0x00007000072f8000],  sp=0x00007000072f41c0,  free space=1008k
Native frames: (J=compiled Java code, j=interpreted, Vv=VM code, C=native code)
C  [libtesseract.dylib+0x1293f]  tesseract::Tesseract::recog_all_words(PAGE_RES*, ETEXT_DESC*, TBOX const*, char const*, int)+0xa5
C  [libtesseract.dylib+0x4696]  tesseract::TessBaseAPI::Recognize(ETEXT_DESC*)+0x2d6
C  [libtesseract.dylib+0x337a]  tesseract::TessBaseAPI::GetUTF8Text()+0x30
C  [jna9137221537957826880.tmp+0xdf44]  ffi_call_unix64+0x4c
C  0x00007000072f4df8

Java frames: (J=compiled Java code, j=interpreted, Vv=VM code)
j  com.sun.jna.Native.invokePointer(Lcom/sun/jna/Function;JI[Ljava/lang/Object;)J+0
j  com.sun.jna.Function.invokePointer(I[Ljava/lang/Object;)Lcom/sun/jna/Pointer;+7
j  com.sun.jna.Function.invoke([Ljava/lang/Object;Ljava/lang/Class;ZI)Ljava/lang/Object;+385
j  com.sun.jna.Function.invoke(Ljava/lang/reflect/Method;[Ljava/lang/Class;Ljava/lang/Class;[Ljava/lang/Object;Ljava/util/Map;)Ljava/lang/Object;+271
j  com.sun.jna.Library$Handler.invoke(Ljava/lang/Object;Ljava/lang/reflect/Method;[Ljava/lang/Object;)Ljava/lang/Object;+344
j  com.sun.proxy.$Proxy80.TessBaseAPIGetUTF8Text(Lnet/sourceforge/tess4j/ITessAPI$TessBaseAPI;)Lcom/sun/jna/Pointer;+16
j  net.sourceforge.tess4j.Tesseract.getOCRText(Ljava/lang/String;I)Ljava/lang/String;+62
j  net.sourceforge.tess4j.Tesseract.doOCR(Ljava/util/List;Ljava/lang/String;Ljava/awt/Rectangle;)Ljava/lang/String;+69
j  net.sourceforge.tess4j.Tesseract.doOCR(Ljava/util/List;Ljava/awt/Rectangle;)Ljava/lang/String;+4
j  net.sourceforge.tess4j.Tesseract.doOCR(Ljava/awt/image/BufferedImage;Ljava/awt/Rectangle;)Ljava/lang/String;+6
j  net.sourceforge.tess4j.Tesseract.doOCR(Ljava/awt/image/BufferedImage;)Ljava/lang/String;+3
j  CheckCode_OCR.CheckCode_OCR.controller.OcrController.handler(Ljava/lang/String;)Ljava/lang/String;+57
v  ~StubRoutines::call_stub
J 1934  sun.reflect.NativeMethodAccessorImpl.invoke0(Ljava/lang/reflect/Method;Ljava/lang/Object;[Ljava/lang/Object;)Ljava/lang/Object; (0 bytes) @ 0x000000011077c2b7 [0x000000011077c240+0x77]
J 1933 C1 sun.reflect.NativeMethodAccessorImpl.invoke(Ljava/lang/Object;[Ljava/lang/Object;)Ljava/lang/Object; (104 bytes) @ 0x0000000110782154 [0x0000000110780f80+0x11d4]
J 3193 C2 java.lang.reflect.Method.invoke(Ljava/lang/Object;[Ljava/lang/Object;)Ljava/lang/Object; (62 bytes) @ 0x0000000110c665e8 [0x0000000110c66540+0xa8]
j  org.springframework.web.method.support.InvocableHandlerMethod.doInvoke([Ljava/lang/Object;)Ljava/lang/Object;+16
j  org.springframework.web.method.support.InvocableHandlerMethod.invokeForRequest(Lorg/springframework/web/context/request/NativeWebRequest;Lorg/springframework/web/method/support/ModelAndViewContainer;[Ljava/lang/Object;)Ljava/lang/Object;+75
j  org.springframework.web.servlet.mvc.method.annotation.ServletInvocableHandlerMethod.invokeAndHandle(Lorg/springframework/web/context/request/ServletWebRequest;Lorg/springframework/web/method/support/ModelAndViewContainer;[Ljava/lang/Object;)V+4
j  org.springframework.web.servlet.mvc.method.annotation.RequestMappingHandlerAdapter.invokeHandlerMethod(Ljavax/servlet/http/HttpServletRequest;Ljavax/servlet/http/HttpServletResponse;Lorg/springframework/web/method/HandlerMethod;)Lorg/springframework/web/servlet/ModelAndView;+276
j  org.springframework.web.servlet.mvc.method.annotation.RequestMappingHandlerAdapter.handleInternal(Ljavax/servlet/http/HttpServletRequest;Ljavax/servlet/http/HttpServletResponse;Lorg/springframework/web/method/HandlerMethod;)Lorg/springframework/web/servlet/ModelAndView;+81
j  org.springframework.web.servlet.mvc.method.AbstractHandlerMethodAdapter.handle(Ljavax/servlet/http/HttpServletRequest;Ljavax/servlet/http/HttpServletResponse;Ljava/lang/Object;)Lorg/springframework/web/servlet/ModelAndView;+7
j  org.springframework.web.servlet.DispatcherServlet.doDispatch(Ljavax/servlet/http/HttpServletRequest;Ljavax/servlet/http/HttpServletResponse;)V+310
j  org.springframework.web.servlet.DispatcherServlet.doService(Ljavax/servlet/http/HttpServletRequest;Ljavax/servlet/http/HttpServletResponse;)V+308
j  org.springframework.web.servlet.FrameworkServlet.processRequest(Ljavax/servlet/http/HttpServletRequest;Ljavax/servlet/http/HttpServletResponse;)V+71
j  org.springframework.web.servlet.FrameworkServlet.doGet(Ljavax/servlet/http/HttpServletRequest;Ljavax/servlet/http/HttpServletResponse;)V+3
j  javax.servlet.http.HttpServlet.service(Ljavax/servlet/http/HttpServletRequest;Ljavax/servlet/http/HttpServletResponse;)V+35
j  org.springframework.web.servlet.FrameworkServlet.service(Ljavax/servlet/http/HttpServletRequest;Ljavax/servlet/http/HttpServletResponse;)V+33
j  javax.servlet.http.HttpServlet.service(Ljavax/servlet/ServletRequest;Ljavax/servlet/ServletResponse;)V+30
j  org.apache.catalina.core.ApplicationFilterChain.internalDoFilter(Ljavax/servlet/ServletRequest;Ljavax/servlet/ServletResponse;)V+304
j  org.apache.catalina.core.ApplicationFilterChain.doFilter(Ljavax/servlet/ServletRequest;Ljavax/servlet/ServletResponse;)V+101
j  org.apache.tomcat.websocket.server.WsFilter.doFilter(Ljavax/servlet/ServletRequest;Ljavax/servlet/ServletResponse;Ljavax/servlet/FilterChain;)V+21
j  org.apache.catalina.core.ApplicationFilterChain.internalDoFilter(Ljavax/servlet/ServletRequest;Ljavax/servlet/ServletResponse;)V+135
j  org.apache.catalina.core.ApplicationFilterChain.doFilter(Ljavax/servlet/ServletRequest;Ljavax/servlet/ServletResponse;)V+101
j  org.springframework.web.filter.RequestContextFilter.doFilterInternal(Ljavax/servlet/http/HttpServletRequest;Ljavax/servlet/http/HttpServletResponse;Ljavax/servlet/FilterChain;)V+21
j  org.springframework.web.filter.OncePerRequestFilter.doFilter(Ljavax/servlet/ServletRequest;Ljavax/servlet/ServletResponse;Ljavax/servlet/FilterChain;)V+111
j  org.apache.catalina.core.ApplicationFilterChain.internalDoFilter(Ljavax/servlet/ServletRequest;Ljavax/servlet/ServletResponse;)V+135
j  org.apache.catalina.core.ApplicationFilterChain.doFilter(Ljavax/servlet/ServletRequest;Ljavax/servlet/ServletResponse;)V+101
j  org.springframework.web.filter.HttpPutFormContentFilter.doFilterInternal(Ljavax/servlet/http/HttpServletRequest;Ljavax/servlet/http/HttpServletResponse;Ljavax/servlet/FilterChain;)V+95
j  org.springframework.web.filter.OncePerRequestFilter.doFilter(Ljavax/servlet/ServletRequest;Ljavax/servlet/ServletResponse;Ljavax/servlet/FilterChain;)V+111
j  org.apache.catalina.core.ApplicationFilterChain.internalDoFilter(Ljavax/servlet/ServletRequest;Ljavax/servlet/ServletResponse;)V+135
j  org.apache.catalina.core.ApplicationFilterChain.doFilter(Ljavax/servlet/ServletRequest;Ljavax/servlet/ServletResponse;)V+101
j  org.springframework.web.filter.HiddenHttpMethodFilter.doFilterInternal(Ljavax/servlet/http/HttpServletRequest;Ljavax/servlet/http/HttpServletResponse;Ljavax/servlet/FilterChain;)V+87
j  org.springframework.web.filter.OncePerRequestFilter.doFilter(Ljavax/servlet/ServletRequest;Ljavax/servlet/ServletResponse;Ljavax/servlet/FilterChain;)V+111
j  org.apache.catalina.core.ApplicationFilterChain.internalDoFilter(Ljavax/servlet/ServletRequest;Ljavax/servlet/ServletResponse;)V+135
j  org.apache.catalina.core.ApplicationFilterChain.doFilter(Ljavax/servlet/ServletRequest;Ljavax/servlet/ServletResponse;)V+101
j  org.springframework.web.filter.CharacterEncodingFilter.doFilterInternal(Ljavax/servlet/http/HttpServletRequest;Ljavax/servlet/http/HttpServletResponse;Ljavax/servlet/FilterChain;)V+53
j  org.springframework.web.filter.OncePerRequestFilter.doFilter(Ljavax/servlet/ServletRequest;Ljavax/servlet/ServletResponse;Ljavax/servlet/FilterChain;)V+111
j  org.apache.catalina.core.ApplicationFilterChain.internalDoFilter(Ljavax/servlet/ServletRequest;Ljavax/servlet/ServletResponse;)V+135
j  org.apache.catalina.core.ApplicationFilterChain.doFilter(Ljavax/servlet/ServletRequest;Ljavax/servlet/ServletResponse;)V+101
j  org.apache.catalina.core.StandardWrapperValve.invoke(Lorg/apache/catalina/connector/Request;Lorg/apache/catalina/connector/Response;)V+688
j  org.apache.catalina.core.StandardContextValve.invoke(Lorg/apache/catalina/connector/Request;Lorg/apache/catalina/connector/Response;)V+166
j  org.apache.catalina.authenticator.AuthenticatorBase.invoke(Lorg/apache/catalina/connector/Request;Lorg/apache/catalina/connector/Response;)V+260
j  org.apache.catalina.core.StandardHostValve.invoke(Lorg/apache/catalina/connector/Request;Lorg/apache/catalina/connector/Response;)V+138
j  org.apache.catalina.valves.ErrorReportValve.invoke(Lorg/apache/catalina/connector/Request;Lorg/apache/catalina/connector/Response;)V+6
j  org.apache.catalina.core.StandardEngineValve.invoke(Lorg/apache/catalina/connector/Request;Lorg/apache/catalina/connector/Response;)V+71
j  org.apache.catalina.connector.CoyoteAdapter.service(Lorg/apache/coyote/Request;Lorg/apache/coyote/Response;)V+199
j  org.apache.coyote.http11.Http11Processor.service(Lorg/apache/tomcat/util/net/SocketWrapperBase;)Lorg/apache/tomcat/util/net/AbstractEndpoint$Handler$SocketState;+806
j  org.apache.coyote.AbstractProcessorLight.process(Lorg/apache/tomcat/util/net/SocketWrapperBase;Lorg/apache/tomcat/util/net/SocketEvent;)Lorg/apache/tomcat/util/net/AbstractEndpoint$Handler$SocketState;+113
j  org.apache.coyote.AbstractProtocol$ConnectionHandler.process(Lorg/apache/tomcat/util/net/SocketWrapperBase;Lorg/apache/tomcat/util/net/SocketEvent;)Lorg/apache/tomcat/util/net/AbstractEndpoint$Handler$SocketState;+414
j  org.apache.tomcat.util.net.NioEndpoint$SocketProcessor.doRun()V+191
j  org.apache.tomcat.util.net.SocketProcessorBase.run()V+21
j  java.util.concurrent.ThreadPoolExecutor.runWorker(Ljava/util/concurrent/ThreadPoolExecutor$Worker;)V+95
j  java.util.concurrent.ThreadPoolExecutor$Worker.run()V+5
j  org.apache.tomcat.util.threads.TaskThread$WrappingRunnable.run()V+4
j  java.lang.Thread.run()V+11
v  ~StubRoutines::call_stub

---------------  P R O C E S S  ---------------

Java Threads: ( => current thread )
  0x00007f9b8e8fc800 JavaThread "Java2D Disposer" daemon [_thread_blocked, id=14347, stack(0x0000700006be6000,0x0000700006ce6000)]
  0x00007f9b8b8fb800 JavaThread "AWT-AppKit" daemon [_thread_in_native, id=775, stack(0x00007ffee82da000,0x00007ffee8ada000)]
  0x00007f9b8a75f800 JavaThread "DestroyJavaVM" [_thread_blocked, id=6403, stack(0x0000700005dbc000,0x0000700005ebc000)]
  0x00007f9b8ca05000 JavaThread "http-nio-8850-AsyncTimeout" daemon [_thread_blocked, id=24323, stack(0x0000700007f1f000,0x000070000801f000)]
  0x00007f9b8e8ee800 JavaThread "http-nio-8850-Acceptor-0" daemon [_thread_in_native, id=24067, stack(0x0000700007e1c000,0x0000700007f1c000)]
  0x00007f9b8a1cb800 JavaThread "http-nio-8850-ClientPoller-1" daemon [_thread_in_native, id=39427, stack(0x0000700007d19000,0x0000700007e19000)]
  0x00007f9b8a334800 JavaThread "http-nio-8850-ClientPoller-0" daemon [_thread_in_native, id=23555, stack(0x0000700007c16000,0x0000700007d16000)]
  0x00007f9b8cc8e800 JavaThread "http-nio-8850-exec-10" daemon [_thread_blocked, id=39939, stack(0x0000700007b13000,0x0000700007c13000)]
  0x00007f9b8b07c000 JavaThread "http-nio-8850-exec-9" daemon [_thread_blocked, id=23299, stack(0x0000700007a10000,0x0000700007b10000)]
  0x00007f9b8a7a3000 JavaThread "http-nio-8850-exec-8" daemon [_thread_blocked, id=40451, stack(0x000070000790d000,0x0000700007a0d000)]
  0x00007f9b8e3b6800 JavaThread "http-nio-8850-exec-7" daemon [_thread_blocked, id=40963, stack(0x000070000780a000,0x000070000790a000)]
  0x00007f9b8b145800 JavaThread "http-nio-8850-exec-6" daemon [_thread_blocked, id=22787, stack(0x0000700007707000,0x0000700007807000)]
  0x00007f9b8a1d6000 JavaThread "http-nio-8850-exec-5" daemon [_thread_blocked, id=22531, stack(0x0000700007604000,0x0000700007704000)]
  0x00007f9b8e3ff800 JavaThread "http-nio-8850-exec-4" daemon [_thread_blocked, id=41987, stack(0x0000700007501000,0x0000700007601000)]
  0x00007f9b8e9e3000 JavaThread "http-nio-8850-exec-3" daemon [_thread_blocked, id=42499, stack(0x00007000073fe000,0x00007000074fe000)]
  0x00007f9b8a3d0000 JavaThread "http-nio-8850-exec-2" daemon [_thread_blocked, id=22275, stack(0x00007000072fb000,0x00007000073fb000)]
=>0x00007f9b8dc7c800 JavaThread "http-nio-8850-exec-1" daemon [_thread_in_native, id=43267, stack(0x00007000071f8000,0x00007000072f8000)]
  0x00007f9b8e1f3800 JavaThread "NioBlockingSelector.BlockPoller-1" daemon [_thread_in_native, id=21763, stack(0x00007000070f5000,0x00007000071f5000)]
  0x00007f9b8a3a9000 JavaThread "container-0" [_thread_blocked, id=15363, stack(0x0000700006ff2000,0x00007000070f2000)]
  0x00007f9b8dc1e000 JavaThread "ContainerBackgroundProcessor[StandardEngine[Tomcat]]" daemon [_thread_blocked, id=15619, stack(0x0000700006eef000,0x0000700006fef000)]
  0x00007f9b8b139800 JavaThread "logback-1" daemon [_thread_blocked, id=13827, stack(0x0000700006ce9000,0x0000700006de9000)]
  0x00007f9b8a003000 JavaThread "Service Thread" daemon [_thread_blocked, id=16643, stack(0x00007000069e0000,0x0000700006ae0000)]
  0x00007f9b8b80e000 JavaThread "C1 CompilerThread2" daemon [_thread_blocked, id=16899, stack(0x00007000068dd000,0x00007000069dd000)]
  0x00007f9b8a81d000 JavaThread "C2 CompilerThread1" daemon [_thread_in_native, id=12803, stack(0x00007000067da000,0x00007000068da000)]
  0x00007f9b8b06d800 JavaThread "C2 CompilerThread0" daemon [_thread_blocked, id=12291, stack(0x00007000066d7000,0x00007000067d7000)]
  0x00007f9b8b04b800 JavaThread "Signal Dispatcher" daemon [_thread_blocked, id=17415, stack(0x00007000065d4000,0x00007000066d4000)]
  0x00007f9b8a002800 JavaThread "Finalizer" daemon [_thread_blocked, id=19971, stack(0x00007000064d1000,0x00007000065d1000)]
  0x00007f9b8b064800 JavaThread "Reference Handler" daemon [_thread_blocked, id=20227, stack(0x00007000063ce000,0x00007000064ce000)]

Other Threads:
  0x00007f9b8b05f800 VMThread [stack: 0x00007000062cb000,0x00007000063cb000] [id=20739]
  0x00007f9b8b067000 WatcherThread [stack: 0x0000700006ae3000,0x0000700006be3000] [id=16131]

VM state:not at safepoint (normal execution)

VM Mutex/Monitor currently owned by a thread: None

Heap:
 PSYoungGen      total 350720K, used 72017K [0x000000076ab00000, 0x0000000784400000, 0x00000007c0000000)
  eden space 340480K, 18% used [0x000000076ab00000,0x000000076e9ce3e0,0x000000077f780000)
  from space 10240K, 75% used [0x000000077f780000,0x000000077ff06050,0x0000000780180000)
  to   space 10752K, 0% used [0x0000000783980000,0x0000000783980000,0x0000000784400000)
 ParOldGen       total 177152K, used 17330K [0x00000006c0000000, 0x00000006cad00000, 0x000000076ab00000)
  object space 177152K, 9% used [0x00000006c0000000,0x00000006c10ecad8,0x00000006cad00000)
 Metaspace       used 44454K, capacity 46378K, committed 46592K, reserved 1089536K
  class space    used 5766K, capacity 6118K, committed 6144K, reserved 1048576K

Card table byte_map: [0x0000000108dae000,0x00000001095af000] byte_map_base: 0x00000001057ae000

Marking Bits: (ParMarkBitMap*) 0x00000001082f76c0
 Begin Bits: [0x000000011f136000, 0x0000000123136000)
 End Bits:   [0x0000000123136000, 0x0000000127136000)

Polling page: 0x00000001071d5000

CodeCache: size=245760Kb used=13244Kb max_used=14211Kb free=232515Kb
 bounds [0x0000000110136000, 0x0000000110f66000, 0x000000011f136000]
 total_blobs=4145 nmethods=3678 adapters=380
 compilation: enabled

Compilation events (10 events):
Event: 13.908 Thread 0x00007f9b8b06d800 4255       4       java.nio.charset.CharsetDecoder::replaceWith (68 bytes)
Event: 13.908 Thread 0x00007f9b8b06d800 nmethod 4255 0x00000001109d9f10 code [0x00000001109da060, 0x00000001109da178]
Event: 13.909 Thread 0x00007f9b8b06d800 4254       4       sun.util.calendar.BaseCalendar::getGregorianYearFromFixedDate (201 bytes)
Event: 13.909 Thread 0x00007f9b8b06d800 nmethod 4254 0x0000000110283e10 code [0x0000000110283f60, 0x00000001102840f8]
Event: 13.913 Thread 0x00007f9b8b80e000 4256       1       com.github.jaiimageio.plugins.tiff.TIFFTag::getNumber (5 bytes)
Event: 13.913 Thread 0x00007f9b8b80e000 nmethod 4256 0x0000000110285410 code [0x0000000110285560, 0x0000000110285670]
Event: 13.913 Thread 0x00007f9b8b80e000 4257       1       com.github.jaiimageio.plugins.tiff.TIFFTag::getName (5 bytes)
Event: 13.913 Thread 0x00007f9b8b80e000 nmethod 4257 0x0000000110285150 code [0x00000001102852a0, 0x00000001102853b0]
Event: 13.924 Thread 0x00007f9b8b06d800 4258       4       java.io.RandomAccessFile::read (8 bytes)
Event: 13.924 Thread 0x00007f9b8b06d800 nmethod 4258 0x00000001102b3650 code [0x00000001102b37a0, 0x00000001102b3828]

GC Heap History (10 events):
Event: 3.001 GC heap before
{Heap before GC invocations=9 (full 1):
 PSYoungGen      total 263680K, used 260162K [0x000000076ab00000, 0x000000077d100000, 0x00000007c0000000)
  eden space 256512K, 99% used [0x000000076ab00000,0x000000077a3d3b08,0x000000077a580000)
  from space 7168K, 74% used [0x000000077a580000,0x000000077aabd040,0x000000077ac80000)
  to   space 7168K, 0% used [0x000000077ca00000,0x000000077ca00000,0x000000077d100000)
 ParOldGen       total 101888K, used 5938K [0x00000006c0000000, 0x00000006c6380000, 0x000000076ab00000)
  object space 101888K, 5% used [0x00000006c0000000,0x00000006c05ccbf8,0x00000006c6380000)
 Metaspace       used 33967K, capacity 35270K, committed 35416K, reserved 1081344K
  class space    used 4336K, capacity 4588K, committed 4608K, reserved 1048576K
Event: 3.011 GC heap after
Heap after GC invocations=9 (full 1):
 PSYoungGen      total 290816K, used 7156K [0x000000076ab00000, 0x0000000782b00000, 0x00000007c0000000)
  eden space 283648K, 0% used [0x000000076ab00000,0x000000076ab00000,0x000000077c000000)
  from space 7168K, 99% used [0x000000077ca00000,0x000000077d0fd040,0x000000077d100000)
  to   space 10240K, 0% used [0x000000077c000000,0x000000077c000000,0x000000077ca00000)
 ParOldGen       total 101888K, used 10890K [0x00000006c0000000, 0x00000006c6380000, 0x000000076ab00000)
  object space 101888K, 10% used [0x00000006c0000000,0x00000006c0aa2960,0x00000006c6380000)
 Metaspace       used 33967K, capacity 35270K, committed 35416K, reserved 1081344K
  class space    used 4336K, capacity 4588K, committed 4608K, reserved 1048576K
}
Event: 3.011 GC heap before
{Heap before GC invocations=10 (full 2):
 PSYoungGen      total 290816K, used 7156K [0x000000076ab00000, 0x0000000782b00000, 0x00000007c0000000)
  eden space 283648K, 0% used [0x000000076ab00000,0x000000076ab00000,0x000000077c000000)
  from space 7168K, 99% used [0x000000077ca00000,0x000000077d0fd040,0x000000077d100000)
  to   space 10240K, 0% used [0x000000077c000000,0x000000077c000000,0x000000077ca00000)
 ParOldGen       total 101888K, used 10890K [0x00000006c0000000, 0x00000006c6380000, 0x000000076ab00000)
  object space 101888K, 10% used [0x00000006c0000000,0x00000006c0aa2960,0x00000006c6380000)
 Metaspace       used 33967K, capacity 35270K, committed 35416K, reserved 1081344K
  class space    used 4336K, capacity 4588K, committed 4608K, reserved 1048576K
Event: 3.076 GC heap after
Heap after GC invocations=10 (full 2):
 PSYoungGen      total 290816K, used 0K [0x000000076ab00000, 0x0000000782b00000, 0x00000007c0000000)
  eden space 283648K, 0% used [0x000000076ab00000,0x000000076ab00000,0x000000077c000000)
  from space 7168K, 0% used [0x000000077ca00000,0x000000077ca00000,0x000000077d100000)
  to   space 10240K, 0% used [0x000000077c000000,0x000000077c000000,0x000000077ca00000)
 ParOldGen       total 177152K, used 17306K [0x00000006c0000000, 0x00000006cad00000, 0x000000076ab00000)
  object space 177152K, 9% used [0x00000006c0000000,0x00000006c10e6ad8,0x00000006cad00000)
 Metaspace       used 33967K, capacity 35270K, committed 35416K, reserved 1081344K
  class space    used 4336K, capacity 4588K, committed 4608K, reserved 1048576K
}
Event: 3.539 GC heap before
{Heap before GC invocations=11 (full 2):
 PSYoungGen      total 290816K, used 283648K [0x000000076ab00000, 0x0000000782b00000, 0x00000007c0000000)
  eden space 283648K, 100% used [0x000000076ab00000,0x000000077c000000,0x000000077c000000)
  from space 7168K, 0% used [0x000000077ca00000,0x000000077ca00000,0x000000077d100000)
  to   space 10240K, 0% used [0x000000077c000000,0x000000077c000000,0x000000077ca00000)
 ParOldGen       total 177152K, used 17306K [0x00000006c0000000, 0x00000006cad00000, 0x000000076ab00000)
  object space 177152K, 9% used [0x00000006c0000000,0x00000006c10e6ad8,0x00000006cad00000)
 Metaspace       used 35962K, capacity 37358K, committed 37592K, reserved 1081344K
  class space    used 4602K, capacity 4904K, committed 4992K, reserved 1048576K
Event: 3.543 GC heap after
Heap after GC invocations=11 (full 2):
 PSYoungGen      total 293888K, used 3392K [0x000000076ab00000, 0x0000000780c00000, 0x00000007c0000000)
  eden space 283648K, 0% used [0x000000076ab00000,0x000000076ab00000,0x000000077c000000)
  from space 10240K, 33% used [0x000000077c000000,0x000000077c350000,0x000000077ca00000)
  to   space 10240K, 0% used [0x0000000780200000,0x0000000780200000,0x0000000780c00000)
 ParOldGen       total 177152K, used 17314K [0x00000006c0000000, 0x00000006cad00000, 0x000000076ab00000)
  object space 177152K, 9% used [0x00000006c0000000,0x00000006c10e8ad8,0x00000006cad00000)
 Metaspace       used 35962K, capacity 37358K, committed 37592K, reserved 1081344K
  class space    used 4602K, capacity 4904K, committed 4992K, reserved 1048576K
}
Event: 3.987 GC heap before
{Heap before GC invocations=12 (full 2):
 PSYoungGen      total 293888K, used 287040K [0x000000076ab00000, 0x0000000780c00000, 0x00000007c0000000)
  eden space 283648K, 100% used [0x000000076ab00000,0x000000077c000000,0x000000077c000000)
  from space 10240K, 33% used [0x000000077c000000,0x000000077c350000,0x000000077ca00000)
  to   space 10240K, 0% used [0x0000000780200000,0x0000000780200000,0x0000000780c00000)
 ParOldGen       total 177152K, used 17314K [0x00000006c0000000, 0x00000006cad00000, 0x000000076ab00000)
  object space 177152K, 9% used [0x00000006c0000000,0x00000006c10e8ad8,0x00000006cad00000)
 Metaspace       used 38261K, capacity 40062K, committed 40192K, reserved 1083392K
  class space    used 4934K, capacity 5260K, committed 5376K, reserved 1048576K
Event: 3.993 GC heap after
Heap after GC invocations=12 (full 2):
 PSYoungGen      total 350208K, used 6560K [0x000000076ab00000, 0x0000000780b80000, 0x00000007c0000000)
  eden space 340480K, 0% used [0x000000076ab00000,0x000000076ab00000,0x000000077f780000)
  from space 9728K, 67% used [0x0000000780200000,0x0000000780868000,0x0000000780b80000)
  to   space 10240K, 0% used [0x000000077f780000,0x000000077f780000,0x0000000780180000)
 ParOldGen       total 177152K, used 17322K [0x00000006c0000000, 0x00000006cad00000, 0x000000076ab00000)
  object space 177152K, 9% used [0x00000006c0000000,0x00000006c10eaad8,0x00000006cad00000)
 Metaspace       used 38261K, capacity 40062K, committed 40192K, reserved 1083392K
  class space    used 4934K, capacity 5260K, committed 5376K, reserved 1048576K
}
Event: 13.825 GC heap before
{Heap before GC invocations=13 (full 2):
 PSYoungGen      total 350208K, used 347040K [0x000000076ab00000, 0x0000000780b80000, 0x00000007c0000000)
  eden space 340480K, 100% used [0x000000076ab00000,0x000000077f780000,0x000000077f780000)
  from space 9728K, 67% used [0x0000000780200000,0x0000000780868000,0x0000000780b80000)
  to   space 10240K, 0% used [0x000000077f780000,0x000000077f780000,0x0000000780180000)
 ParOldGen       total 177152K, used 17322K [0x00000006c0000000, 0x00000006cad00000, 0x000000076ab00000)
  object space 177152K, 9% used [0x00000006c0000000,0x00000006c10eaad8,0x00000006cad00000)
 Metaspace       used 43801K, capacity 45706K, committed 45952K, reserved 1089536K
  class space    used 5620K, capacity 5958K, committed 6016K, reserved 1048576K
Event: 13.835 GC heap after
Heap after GC invocations=13 (full 2):
 PSYoungGen      total 350720K, used 7704K [0x000000076ab00000, 0x0000000784400000, 0x00000007c0000000)
  eden space 340480K, 0% used [0x000000076ab00000,0x000000076ab00000,0x000000077f780000)
  from space 10240K, 75% used [0x000000077f780000,0x000000077ff06050,0x0000000780180000)
  to   space 10752K, 0% used [0x0000000783980000,0x0000000783980000,0x0000000784400000)
 ParOldGen       total 177152K, used 17330K [0x00000006c0000000, 0x00000006cad00000, 0x000000076ab00000)
  object space 177152K, 9% used [0x00000006c0000000,0x00000006c10ecad8,0x00000006cad00000)
 Metaspace       used 43801K, capacity 45706K, committed 45952K, reserved 1089536K
  class space    used 5620K, capacity 5958K, committed 6016K, reserved 1048576K
}

Deoptimization events (10 events):
Event: 13.647 Thread 0x00007f9b8dc7c800 Uncommon trap: reason=class_check action=maybe_recompile pc=0x00000001109c172c method=java.util.Collections$SynchronizedMap.get(Ljava/lang/Object;)Ljava/lang/Object; @ 12
Event: 13.701 Thread 0x00007f9b8dc7c800 Uncommon trap: reason=class_check action=maybe_recompile pc=0x0000000110a5e218 method=java.util.AbstractList$Itr.hasNext()Z @ 8
Event: 13.701 Thread 0x00007f9b8dc7c800 Uncommon trap: reason=class_check action=maybe_recompile pc=0x0000000110c64ea0 method=java.util.AbstractList$Itr.next()Ljava/lang/Object; @ 14
Event: 13.706 Thread 0x00007f9b8dc7c800 Uncommon trap: reason=bimorphic action=maybe_recompile pc=0x0000000110a1c5c8 method=java.util.Hashtable.put(Ljava/lang/Object;Ljava/lang/Object;)Ljava/lang/Object; @ 18
Event: 13.720 Thread 0x00007f9b8dc7c800 Uncommon trap: reason=bimorphic action=maybe_recompile pc=0x0000000110a1c5c8 method=java.util.Hashtable.put(Ljava/lang/Object;Ljava/lang/Object;)Ljava/lang/Object; @ 18
Event: 13.752 Thread 0x00007f9b8dc7c800 Uncommon trap: reason=unstable_if action=reinterpret pc=0x00000001104ac7d0 method=org.springframework.boot.loader.jar.AsciiBytes.matches(Ljava/lang/CharSequence;C)Z @ 13
Event: 13.752 Thread 0x00007f9b8dc7c800 Uncommon trap: reason=unstable_if action=reinterpret pc=0x0000000110c62a5c method=org.springframework.boot.loader.jar.AsciiBytes.matches(Ljava/lang/CharSequence;C)Z @ 13
Event: 13.795 Thread 0x00007f9b8dc7c800 Uncommon trap: reason=class_check action=maybe_recompile pc=0x00000001109c172c method=java.util.Collections$SynchronizedMap.get(Ljava/lang/Object;)Ljava/lang/Object; @ 12
Event: 13.841 Thread 0x00007f9b8dc7c800 Uncommon trap: reason=class_check action=maybe_recompile pc=0x0000000110a1e744 method=java.util.Collections$SynchronizedMap.put(Ljava/lang/Object;Ljava/lang/Object;)Ljava/lang/Object; @ 13
Event: 13.841 Thread 0x00007f9b8dc7c800 Uncommon trap: reason=class_check action=maybe_recompile pc=0x0000000110a1e744 method=java.util.Collections$SynchronizedMap.put(Ljava/lang/Object;Ljava/lang/Object;)Ljava/lang/Object; @ 13

Classes redefined (0 events):
No events

Internal exceptions (10 events):
Event: 13.575 Thread 0x00007f9b8dc7c800 Exception <a 'java/lang/ClassNotFoundException': org/springframework/web/servlet/view/DefaultRequestToViewNameTranslatorCustomizer> (0x000000077c400ab0) thrown at [/Users/java_re/workspace/8-2-build-macosx-x86_64/jdk8u162/10278/hotspot/src/share/vm/classf
Event: 13.576 Thread 0x00007f9b8dc7c800 Exception <a 'java/lang/ClassNotFoundException': org/springframework/web/servlet/RequestToViewNameTranslatorCustomizer> (0x000000077c4bf958) thrown at [/Users/java_re/workspace/8-2-build-macosx-x86_64/jdk8u162/10278/hotspot/src/share/vm/classfile/systemDi
Event: 13.580 Thread 0x00007f9b8dc7c800 Exception <a 'java/lang/ClassNotFoundException': java/lang/ObjectCustomizer> (0x000000077c578770) thrown at [/Users/java_re/workspace/8-2-build-macosx-x86_64/jdk8u162/10278/hotspot/src/share/vm/classfile/systemDictionary.cpp, line 210]
Event: 13.582 Thread 0x00007f9b8dc7c800 Exception <a 'java/lang/ClassNotFoundException': org/springframework/web/servlet/support/AbstractFlashMapManagerCustomizer> (0x000000077c62cef8) thrown at [/Users/java_re/workspace/8-2-build-macosx-x86_64/jdk8u162/10278/hotspot/src/share/vm/classfile/syst
Event: 13.583 Thread 0x00007f9b8dc7c800 Exception <a 'java/lang/ClassNotFoundException': org/springframework/web/servlet/support/SessionFlashMapManagerCustomizer> (0x000000077c6e49a8) thrown at [/Users/java_re/workspace/8-2-build-macosx-x86_64/jdk8u162/10278/hotspot/src/share/vm/classfile/syste
Event: 13.585 Thread 0x00007f9b8dc7c800 Exception <a 'java/lang/ClassNotFoundException': org/springframework/web/servlet/FlashMapManagerCustomizer> (0x000000077c789f00) thrown at [/Users/java_re/workspace/8-2-build-macosx-x86_64/jdk8u162/10278/hotspot/src/share/vm/classfile/systemDictionary.cpp
Event: 13.646 Thread 0x00007f9b8dc7c800 Exception <a 'java/io/FileNotFoundException'> (0x000000077d2c3e28) thrown at [/Users/java_re/workspace/8-2-build-macosx-x86_64/jdk8u162/10278/hotspot/src/share/vm/prims/jni.cpp, line 709]
Event: 13.646 Thread 0x00007f9b8dc7c800 Exception <a 'java/io/FileNotFoundException'> (0x000000077d2c4d18) thrown at [/Users/java_re/workspace/8-2-build-macosx-x86_64/jdk8u162/10278/hotspot/src/share/vm/prims/jni.cpp, line 709]
Event: 13.757 Thread 0x00007f9b8dc7c800 Exception <a 'java/io/FileNotFoundException'> (0x000000077e5dfcd0) thrown at [/Users/java_re/workspace/8-2-build-macosx-x86_64/jdk8u162/10278/hotspot/src/share/vm/prims/jni.cpp, line 709]
Event: 13.757 Thread 0x00007f9b8dc7c800 Exception <a 'java/io/FileNotFoundException'> (0x000000077e5e1618) thrown at [/Users/java_re/workspace/8-2-build-macosx-x86_64/jdk8u162/10278/hotspot/src/share/vm/prims/jni.cpp, line 709]

Events (10 events):
Event: 13.923 loading class com/github/jaiimageio/plugins/tiff/GeoTIFFTagSet$GeoKeyDirectory
Event: 13.923 loading class com/github/jaiimageio/plugins/tiff/GeoTIFFTagSet$GeoKeyDirectory done
Event: 13.923 loading class com/github/jaiimageio/plugins/tiff/GeoTIFFTagSet$GeoDoubleParams
Event: 13.923 loading class com/github/jaiimageio/plugins/tiff/GeoTIFFTagSet$GeoDoubleParams done
Event: 13.923 loading class com/github/jaiimageio/plugins/tiff/GeoTIFFTagSet$GeoAsciiParams
Event: 13.923 loading class com/github/jaiimageio/plugins/tiff/GeoTIFFTagSet$GeoAsciiParams done
Event: 13.926 loading class java/lang/StrictMath
Event: 13.926 loading class java/lang/StrictMath done
Event: 13.926 loading class com/sun/jna/Native$Buffers
Event: 13.926 loading class com/sun/jna/Native$Buffers done


Dynamic libraries:
0x0000000005775000 	/System/Library/Frameworks/Cocoa.framework/Versions/A/Cocoa
0x0000000005775000 	/System/Library/Frameworks/Security.framework/Versions/A/Security
0x0000000005775000 	/System/Library/Frameworks/ApplicationServices.framework/Versions/A/ApplicationServices
0x0000000005775000 	/usr/lib/libz.1.dylib
0x0000000005775000 	/usr/lib/libSystem.B.dylib
0x0000000005775000 	/usr/lib/libobjc.A.dylib
0x0000000005775000 	/System/Library/Frameworks/CoreFoundation.framework/Versions/A/CoreFoundation
0x0000000005775000 	/System/Library/Frameworks/Foundation.framework/Versions/C/Foundation
0x0000000005775000 	/System/Library/Frameworks/AppKit.framework/Versions/C/AppKit
0x0000000005775000 	/System/Library/Frameworks/CoreData.framework/Versions/A/CoreData
0x0000000005775000 	/System/Library/PrivateFrameworks/RemoteViewServices.framework/Versions/A/RemoteViewServices
0x0000000005775000 	/System/Library/PrivateFrameworks/UIFoundation.framework/Versions/A/UIFoundation
0x0000000005775000 	/System/Library/PrivateFrameworks/DFRFoundation.framework/Versions/A/DFRFoundation
0x0000000005775000 	/System/Library/Frameworks/Metal.framework/Versions/A/Metal
0x0000000005775000 	/System/Library/PrivateFrameworks/DesktopServicesPriv.framework/Versions/A/DesktopServicesPriv
0x0000000005775000 	/usr/lib/libenergytrace.dylib
0x0000000005775000 	/System/Library/PrivateFrameworks/SkyLight.framework/Versions/A/SkyLight
0x0000000005775000 	/System/Library/Frameworks/CoreGraphics.framework/Versions/A/CoreGraphics
0x0000000005775000 	/usr/lib/libScreenReader.dylib
0x0000000005775000 	/System/Library/Frameworks/Accelerate.framework/Versions/A/Accelerate
0x0000000005775000 	/System/Library/Frameworks/IOSurface.framework/Versions/A/IOSurface
0x0000000005775000 	/System/Library/Frameworks/AudioToolbox.framework/Versions/A/AudioToolbox
0x0000000005775000 	/System/Library/Frameworks/AudioUnit.framework/Versions/A/AudioUnit
0x0000000005775000 	/System/Library/PrivateFrameworks/DataDetectorsCore.framework/Versions/A/DataDetectorsCore
0x0000000005775000 	/System/Library/Frameworks/Carbon.framework/Versions/A/Frameworks/HIToolbox.framework/Versions/A/HIToolbox
0x0000000005775000 	/usr/lib/libicucore.A.dylib
0x0000000005775000 	/System/Library/Frameworks/QuartzCore.framework/Versions/A/QuartzCore
0x0000000005775000 	/System/Library/PrivateFrameworks/SignpostNotification.framework/Versions/A/SignpostNotification
0x0000000005775000 	/System/Library/Frameworks/Carbon.framework/Versions/A/Frameworks/SpeechRecognition.framework/Versions/A/SpeechRecognition
0x0000000005775000 	/usr/lib/libauto.dylib
0x0000000005775000 	/usr/lib/libxml2.2.dylib
0x0000000005775000 	/System/Library/PrivateFrameworks/CoreUI.framework/Versions/A/CoreUI
0x0000000005775000 	/System/Library/Frameworks/CoreAudio.framework/Versions/A/CoreAudio
0x0000000005775000 	/System/Library/Frameworks/DiskArbitration.framework/Versions/A/DiskArbitration
0x0000000005775000 	/usr/lib/liblangid.dylib
0x0000000005775000 	/System/Library/PrivateFrameworks/MultitouchSupport.framework/Versions/A/MultitouchSupport
0x0000000005775000 	/System/Library/Frameworks/IOKit.framework/Versions/A/IOKit
0x0000000005775000 	/usr/lib/libDiagnosticMessagesClient.dylib
0x0000000005775000 	/System/Library/Frameworks/CoreServices.framework/Versions/A/CoreServices
0x0000000005775000 	/System/Library/PrivateFrameworks/PerformanceAnalysis.framework/Versions/A/PerformanceAnalysis
0x0000000005775000 	/System/Library/Frameworks/OpenGL.framework/Versions/A/OpenGL
0x0000000005775000 	/System/Library/Frameworks/ColorSync.framework/Versions/A/ColorSync
0x0000000005775000 	/System/Library/Frameworks/CoreImage.framework/Versions/A/CoreImage
0x0000000005775000 	/System/Library/Frameworks/CoreText.framework/Versions/A/CoreText
0x0000000005775000 	/System/Library/Frameworks/ImageIO.framework/Versions/A/ImageIO
0x0000000005775000 	/System/Library/PrivateFrameworks/Backup.framework/Versions/A/Backup
0x0000000005775000 	/usr/lib/libarchive.2.dylib
0x0000000005775000 	/System/Library/Frameworks/CFNetwork.framework/Versions/A/CFNetwork
0x0000000005775000 	/System/Library/Frameworks/SystemConfiguration.framework/Versions/A/SystemConfiguration
0x0000000005775000 	/usr/lib/libCRFSuite.dylib
0x0000000005775000 	/usr/lib/libc++.1.dylib
0x0000000005775000 	/usr/lib/libc++abi.dylib
0x0000000005775000 	/usr/lib/system/libcache.dylib
0x0000000005775000 	/usr/lib/system/libcommonCrypto.dylib
0x0000000005775000 	/usr/lib/system/libcompiler_rt.dylib
0x0000000005775000 	/usr/lib/system/libcopyfile.dylib
0x0000000005775000 	/usr/lib/system/libcorecrypto.dylib
0x0000000005775000 	/usr/lib/system/libdispatch.dylib
0x0000000005775000 	/usr/lib/system/libdyld.dylib
0x0000000005775000 	/usr/lib/system/libkeymgr.dylib
0x0000000005775000 	/usr/lib/system/liblaunch.dylib
0x0000000005775000 	/usr/lib/system/libmacho.dylib
0x0000000005775000 	/usr/lib/system/libquarantine.dylib
0x0000000005775000 	/usr/lib/system/libremovefile.dylib
0x0000000005775000 	/usr/lib/system/libsystem_asl.dylib
0x0000000005775000 	/usr/lib/system/libsystem_blocks.dylib
0x0000000005775000 	/usr/lib/system/libsystem_c.dylib
0x0000000005775000 	/usr/lib/system/libsystem_configuration.dylib
0x0000000005775000 	/usr/lib/system/libsystem_coreservices.dylib
0x0000000005775000 	/usr/lib/system/libsystem_darwin.dylib
0x0000000005775000 	/usr/lib/system/libsystem_dnssd.dylib
0x0000000005775000 	/usr/lib/system/libsystem_info.dylib
0x0000000005775000 	/usr/lib/system/libsystem_m.dylib
0x0000000005775000 	/usr/lib/system/libsystem_malloc.dylib
0x0000000005775000 	/usr/lib/system/libsystem_network.dylib
0x0000000005775000 	/usr/lib/system/libsystem_networkextension.dylib
0x0000000005775000 	/usr/lib/system/libsystem_notify.dylib
0x0000000005775000 	/usr/lib/system/libsystem_sandbox.dylib
0x0000000005775000 	/usr/lib/system/libsystem_secinit.dylib
0x0000000005775000 	/usr/lib/system/libsystem_kernel.dylib
0x0000000005775000 	/usr/lib/system/libsystem_platform.dylib
0x0000000005775000 	/usr/lib/system/libsystem_pthread.dylib
0x0000000005775000 	/usr/lib/system/libsystem_symptoms.dylib
0x0000000005775000 	/usr/lib/system/libsystem_trace.dylib
0x0000000005775000 	/usr/lib/system/libunwind.dylib
0x0000000005775000 	/usr/lib/system/libxpc.dylib
0x0000000005775000 	/usr/lib/closure/libclosured.dylib
0x0000000005775000 	/usr/lib/libbsm.0.dylib
0x0000000005775000 	/usr/lib/system/libkxld.dylib
0x0000000005775000 	/usr/lib/libOpenScriptingUtil.dylib
0x0000000005775000 	/usr/lib/libcoretls.dylib
0x0000000005775000 	/usr/lib/libcoretls_cfhelpers.dylib
0x0000000005775000 	/usr/lib/libpam.2.dylib
0x0000000005775000 	/usr/lib/libsqlite3.dylib
0x0000000005775000 	/usr/lib/libxar.1.dylib
0x0000000005775000 	/usr/lib/libbz2.1.0.dylib
0x0000000005775000 	/usr/lib/liblzma.5.dylib
0x0000000005775000 	/usr/lib/libnetwork.dylib
0x0000000005775000 	/usr/lib/libapple_nghttp2.dylib
0x0000000005775000 	/usr/lib/libpcap.A.dylib
0x0000000005775000 	/usr/lib/libboringssl.dylib
0x0000000005775000 	/usr/lib/libusrtcp.dylib
0x0000000005775000 	/usr/lib/libapple_crypto.dylib
0x0000000005775000 	/System/Library/Frameworks/CoreServices.framework/Versions/A/Frameworks/FSEvents.framework/Versions/A/FSEvents
0x0000000005775000 	/System/Library/Frameworks/CoreServices.framework/Versions/A/Frameworks/CarbonCore.framework/Versions/A/CarbonCore
0x0000000005775000 	/System/Library/Frameworks/CoreServices.framework/Versions/A/Frameworks/Metadata.framework/Versions/A/Metadata
0x0000000005775000 	/System/Library/Frameworks/CoreServices.framework/Versions/A/Frameworks/OSServices.framework/Versions/A/OSServices
0x0000000005775000 	/System/Library/Frameworks/CoreServices.framework/Versions/A/Frameworks/SearchKit.framework/Versions/A/SearchKit
0x0000000005775000 	/System/Library/Frameworks/CoreServices.framework/Versions/A/Frameworks/AE.framework/Versions/A/AE
0x0000000005775000 	/System/Library/Frameworks/CoreServices.framework/Versions/A/Frameworks/LaunchServices.framework/Versions/A/LaunchServices
0x0000000005775000 	/System/Library/Frameworks/CoreServices.framework/Versions/A/Frameworks/DictionaryServices.framework/Versions/A/DictionaryServices
0x0000000005775000 	/System/Library/Frameworks/CoreServices.framework/Versions/A/Frameworks/SharedFileList.framework/Versions/A/SharedFileList
0x0000000005775000 	/System/Library/Frameworks/NetFS.framework/Versions/A/NetFS
0x0000000005775000 	/System/Library/PrivateFrameworks/NetAuth.framework/Versions/A/NetAuth
0x0000000005775000 	/System/Library/PrivateFrameworks/login.framework/Versions/A/Frameworks/loginsupport.framework/Versions/A/loginsupport
0x0000000005775000 	/System/Library/PrivateFrameworks/TCC.framework/Versions/A/TCC
0x0000000005775000 	/usr/lib/libmecabra.dylib
0x0000000005775000 	/System/Library/Frameworks/ApplicationServices.framework/Versions/A/Frameworks/ATS.framework/Versions/A/ATS
0x0000000005775000 	/System/Library/Frameworks/ApplicationServices.framework/Versions/A/Frameworks/ColorSyncLegacy.framework/Versions/A/ColorSyncLegacy
0x0000000005775000 	/System/Library/Frameworks/ApplicationServices.framework/Versions/A/Frameworks/HIServices.framework/Versions/A/HIServices
0x0000000005775000 	/System/Library/Frameworks/ApplicationServices.framework/Versions/A/Frameworks/LangAnalysis.framework/Versions/A/LangAnalysis
0x0000000005775000 	/System/Library/Frameworks/ApplicationServices.framework/Versions/A/Frameworks/PrintCore.framework/Versions/A/PrintCore
0x0000000005775000 	/System/Library/Frameworks/ApplicationServices.framework/Versions/A/Frameworks/QD.framework/Versions/A/QD
0x0000000005775000 	/System/Library/Frameworks/ApplicationServices.framework/Versions/A/Frameworks/SpeechSynthesis.framework/Versions/A/SpeechSynthesis
0x0000000005775000 	/System/Library/Frameworks/CoreDisplay.framework/Versions/A/CoreDisplay
0x0000000005775000 	/System/Library/Frameworks/Accelerate.framework/Versions/A/Frameworks/vImage.framework/Versions/A/vImage
0x0000000005775000 	/System/Library/Frameworks/Accelerate.framework/Versions/A/Frameworks/vecLib.framework/Versions/A/vecLib
0x0000000005775000 	/System/Library/Frameworks/Accelerate.framework/Versions/A/Frameworks/vecLib.framework/Versions/A/libvDSP.dylib
0x0000000005775000 	/System/Library/Frameworks/Accelerate.framework/Versions/A/Frameworks/vecLib.framework/Versions/A/libBNNS.dylib
0x0000000005775000 	/System/Library/Frameworks/Accelerate.framework/Versions/A/Frameworks/vecLib.framework/Versions/A/libQuadrature.dylib
0x0000000005775000 	/System/Library/Frameworks/Accelerate.framework/Versions/A/Frameworks/vecLib.framework/Versions/A/libvMisc.dylib
0x0000000005775000 	/System/Library/Frameworks/Accelerate.framework/Versions/A/Frameworks/vecLib.framework/Versions/A/libLAPACK.dylib
0x0000000005775000 	/System/Library/Frameworks/Accelerate.framework/Versions/A/Frameworks/vecLib.framework/Versions/A/libBLAS.dylib
0x0000000005775000 	/System/Library/Frameworks/Accelerate.framework/Versions/A/Frameworks/vecLib.framework/Versions/A/libLinearAlgebra.dylib
0x0000000005775000 	/System/Library/Frameworks/Accelerate.framework/Versions/A/Frameworks/vecLib.framework/Versions/A/libSparse.dylib
0x0000000005775000 	/System/Library/Frameworks/Accelerate.framework/Versions/A/Frameworks/vecLib.framework/Versions/A/libSparseBLAS.dylib
0x0000000005775000 	/System/Library/PrivateFrameworks/GPUWrangler.framework/Versions/A/GPUWrangler
0x0000000005775000 	/System/Library/PrivateFrameworks/IOAccelerator.framework/Versions/A/IOAccelerator
0x0000000005775000 	/System/Library/PrivateFrameworks/IOPresentment.framework/Versions/A/IOPresentment
0x0000000005775000 	/System/Library/PrivateFrameworks/DSExternalDisplay.framework/Versions/A/DSExternalDisplay
0x0000000005775000 	/System/Library/Frameworks/OpenGL.framework/Versions/A/Libraries/libCoreFSCache.dylib
0x0000000005775000 	/System/Library/Frameworks/CoreVideo.framework/Versions/A/CoreVideo
0x0000000005775000 	/System/Library/PrivateFrameworks/GraphVisualizer.framework/Versions/A/GraphVisualizer
0x0000000005775000 	/System/Library/Frameworks/MetalPerformanceShaders.framework/Versions/A/MetalPerformanceShaders
0x0000000005775000 	/usr/lib/libFosl_dynamic.dylib
0x0000000005775000 	/System/Library/PrivateFrameworks/FaceCore.framework/Versions/A/FaceCore
0x0000000005775000 	/System/Library/Frameworks/OpenCL.framework/Versions/A/OpenCL
0x0000000005775000 	/usr/lib/libcompression.dylib
0x0000000005775000 	/System/Library/Frameworks/ApplicationServices.framework/Versions/A/Frameworks/ATS.framework/Versions/A/Resources/libFontParser.dylib
0x0000000005775000 	/System/Library/Frameworks/ApplicationServices.framework/Versions/A/Frameworks/ATS.framework/Versions/A/Resources/libFontRegistry.dylib
0x0000000005775000 	/System/Library/Frameworks/ImageIO.framework/Versions/A/Resources/libJPEG.dylib
0x0000000005775000 	/System/Library/Frameworks/ImageIO.framework/Versions/A/Resources/libTIFF.dylib
0x0000000005775000 	/System/Library/Frameworks/ImageIO.framework/Versions/A/Resources/libPng.dylib
0x0000000005775000 	/System/Library/Frameworks/ImageIO.framework/Versions/A/Resources/libGIF.dylib
0x0000000005775000 	/System/Library/Frameworks/ImageIO.framework/Versions/A/Resources/libJP2.dylib
0x0000000005775000 	/System/Library/Frameworks/ImageIO.framework/Versions/A/Resources/libRadiance.dylib
0x0000000005775000 	/System/Library/PrivateFrameworks/AppleJPEG.framework/Versions/A/AppleJPEG
0x0000000005775000 	/System/Library/Frameworks/MetalPerformanceShaders.framework/Frameworks/MPSCore.framework/Versions/A/MPSCore
0x0000000005775000 	/System/Library/Frameworks/MetalPerformanceShaders.framework/Frameworks/MPSImage.framework/Versions/A/MPSImage
0x0000000005775000 	/System/Library/Frameworks/MetalPerformanceShaders.framework/Frameworks/MPSNeuralNetwork.framework/Versions/A/MPSNeuralNetwork
0x0000000005775000 	/System/Library/Frameworks/MetalPerformanceShaders.framework/Frameworks/MPSMatrix.framework/Versions/A/MPSMatrix
0x0000000005775000 	/System/Library/PrivateFrameworks/MetalTools.framework/Versions/A/MetalTools
0x0000000005775000 	/System/Library/Frameworks/OpenGL.framework/Versions/A/Libraries/libGLU.dylib
0x0000000005775000 	/System/Library/Frameworks/OpenGL.framework/Versions/A/Libraries/libGFXShared.dylib
0x0000000005775000 	/System/Library/Frameworks/OpenGL.framework/Versions/A/Libraries/libGL.dylib
0x0000000005775000 	/System/Library/Frameworks/OpenGL.framework/Versions/A/Libraries/libGLImage.dylib
0x0000000005775000 	/System/Library/Frameworks/OpenGL.framework/Versions/A/Libraries/libCVMSPluginSupport.dylib
0x0000000005775000 	/System/Library/Frameworks/OpenGL.framework/Versions/A/Libraries/libCoreVMClient.dylib
0x0000000005775000 	/usr/lib/libcups.2.dylib
0x0000000005775000 	/System/Library/Frameworks/Kerberos.framework/Versions/A/Kerberos
0x0000000005775000 	/System/Library/Frameworks/GSS.framework/Versions/A/GSS
0x0000000005775000 	/usr/lib/libresolv.9.dylib
0x0000000005775000 	/usr/lib/libiconv.2.dylib
0x0000000005775000 	/System/Library/PrivateFrameworks/Heimdal.framework/Versions/A/Heimdal
0x0000000005775000 	/usr/lib/libheimdal-asn1.dylib
0x0000000005775000 	/System/Library/Frameworks/OpenDirectory.framework/Versions/A/OpenDirectory
0x0000000005775000 	/System/Library/PrivateFrameworks/CommonAuth.framework/Versions/A/CommonAuth
0x0000000005775000 	/System/Library/Frameworks/OpenDirectory.framework/Versions/A/Frameworks/CFOpenDirectory.framework/Versions/A/CFOpenDirectory
0x0000000005775000 	/System/Library/Frameworks/SecurityFoundation.framework/Versions/A/SecurityFoundation
0x0000000005775000 	/System/Library/PrivateFrameworks/APFS.framework/Versions/A/APFS
0x0000000005775000 	/usr/lib/libutil.dylib
0x0000000005775000 	/System/Library/PrivateFrameworks/AppleSauce.framework/Versions/A/AppleSauce
0x0000000005775000 	/System/Library/PrivateFrameworks/LinguisticData.framework/Versions/A/LinguisticData
0x0000000005775000 	/usr/lib/libmarisa.dylib
0x0000000005775000 	/System/Library/PrivateFrameworks/Lexicon.framework/Versions/A/Lexicon
0x0000000005775000 	/usr/lib/libChineseTokenizer.dylib
0x0000000005775000 	/usr/lib/libcmph.dylib
0x0000000005775000 	/System/Library/PrivateFrameworks/LanguageModeling.framework/Versions/A/LanguageModeling
0x0000000005775000 	/System/Library/PrivateFrameworks/CoreEmoji.framework/Versions/A/CoreEmoji
0x0000000005775000 	/System/Library/Frameworks/ServiceManagement.framework/Versions/A/ServiceManagement
0x0000000005775000 	/System/Library/PrivateFrameworks/BackgroundTaskManagement.framework/Versions/A/BackgroundTaskManagement
0x0000000005775000 	/usr/lib/libxslt.1.dylib
0x0000000005775000 	/System/Library/Frameworks/Carbon.framework/Versions/A/Frameworks/Ink.framework/Versions/A/Ink
0x0000000005775000 	/System/Library/PrivateFrameworks/TextureIO.framework/Versions/A/TextureIO
0x0000000005775000 	/usr/lib/libate.dylib
0x0000000005775000 	/System/Library/PrivateFrameworks/CrashReporterSupport.framework/Versions/A/CrashReporterSupport
0x0000000005775000 	/System/Library/PrivateFrameworks/Sharing.framework/Versions/A/Sharing
0x0000000005775000 	/System/Library/PrivateFrameworks/IconServices.framework/Versions/A/IconServices
0x0000000005775000 	/System/Library/PrivateFrameworks/AuthKit.framework/Versions/A/AuthKit
0x0000000005775000 	/System/Library/PrivateFrameworks/Apple80211.framework/Versions/A/Apple80211
0x0000000005775000 	/System/Library/PrivateFrameworks/CoreUtils.framework/Versions/A/CoreUtils
0x0000000005775000 	/System/Library/Frameworks/CoreWLAN.framework/Versions/A/CoreWLAN
0x0000000005775000 	/System/Library/Frameworks/IOBluetooth.framework/Versions/A/IOBluetooth
0x0000000005775000 	/System/Library/PrivateFrameworks/ProtocolBuffer.framework/Versions/A/ProtocolBuffer
0x0000000005775000 	/System/Library/PrivateFrameworks/MobileKeyBag.framework/Versions/A/MobileKeyBag
0x0000000005775000 	/System/Library/PrivateFrameworks/CorePhoneNumbers.framework/Versions/A/CorePhoneNumbers
0x0000000005775000 	/System/Library/PrivateFrameworks/AppleIDAuthSupport.framework/Versions/A/AppleIDAuthSupport
0x0000000005775000 	/System/Library/PrivateFrameworks/KeychainCircle.framework/Versions/A/KeychainCircle
0x0000000005775000 	/System/Library/PrivateFrameworks/CoreWiFi.framework/Versions/A/CoreWiFi
0x0000000005775000 	/System/Library/Frameworks/CoreBluetooth.framework/Versions/A/CoreBluetooth
0x0000000005775000 	/System/Library/PrivateFrameworks/DebugSymbols.framework/Versions/A/DebugSymbols
0x0000000005775000 	/System/Library/PrivateFrameworks/CoreSymbolication.framework/Versions/A/CoreSymbolication
0x0000000005775000 	/System/Library/PrivateFrameworks/Symbolication.framework/Versions/A/Symbolication
0x0000000005775000 	/System/Library/PrivateFrameworks/AppleFSCompression.framework/Versions/A/AppleFSCompression
0x0000000005775000 	/System/Library/PrivateFrameworks/SpeechRecognitionCore.framework/Versions/A/SpeechRecognitionCore
0x0000000005775000 	/System/Library/CoreServices/Encodings/libSimplifiedChineseConverter.dylib
0x0000000107a00000 	/Library/Java/JavaVirtualMachines/jdk1.8.0_162.jdk/Contents/Home/jre/lib/server/libjvm.dylib
0x0000000005775000 	/usr/lib/libstdc++.6.0.9.dylib
0x0000000107191000 	/Library/Java/JavaVirtualMachines/jdk1.8.0_162.jdk/Contents/Home/jre/lib/libverify.dylib
0x000000010719f000 	/Library/Java/JavaVirtualMachines/jdk1.8.0_162.jdk/Contents/Home/jre/lib/libjava.dylib
0x00000001071df000 	/Library/Java/JavaVirtualMachines/jdk1.8.0_162.jdk/Contents/Home/jre/lib/libzip.dylib
0x000000010db4d000 	/Library/Java/JavaVirtualMachines/jdk1.8.0_162.jdk/Contents/Home/jre/lib/libmanagement.dylib
0x000000010db5b000 	/Library/Java/JavaVirtualMachines/jdk1.8.0_162.jdk/Contents/Home/jre/lib/libnet.dylib
0x000000010dbf3000 	/Library/Java/JavaVirtualMachines/jdk1.8.0_162.jdk/Contents/Home/jre/lib/libnio.dylib
0x000000010d900000 	/Library/Java/JavaVirtualMachines/jdk1.8.0_162.jdk/Contents/Home/jre/lib/libawt.dylib
0x000000010f9e3000 	/Library/Java/JavaVirtualMachines/jdk1.8.0_162.jdk/Contents/Home/jre/lib/./libmlib_image.dylib
0x0000000005775000 	/System/Library/Frameworks/JavaVM.framework/Versions/A/Frameworks/JavaNativeFoundation.framework/Versions/A/JavaNativeFoundation
0x0000000005775000 	/System/Library/Frameworks/JavaVM.framework/Versions/A/Frameworks/JavaRuntimeSupport.framework/Versions/A/JavaRuntimeSupport
0x0000000005775000 	/System/Library/Frameworks/JavaVM.framework/Versions/A/JavaVM
0x0000000005775000 	/System/Library/PrivateFrameworks/JavaLaunching.framework/Versions/A/JavaLaunching
0x0000000005775000 	/System/Library/Frameworks/Carbon.framework/Versions/A/Carbon
0x0000000005775000 	/System/Library/Frameworks/Carbon.framework/Versions/A/Frameworks/CommonPanels.framework/Versions/A/CommonPanels
0x0000000005775000 	/System/Library/Frameworks/Carbon.framework/Versions/A/Frameworks/Help.framework/Versions/A/Help
0x0000000005775000 	/System/Library/Frameworks/Carbon.framework/Versions/A/Frameworks/ImageCapture.framework/Versions/A/ImageCapture
0x0000000005775000 	/System/Library/Frameworks/Carbon.framework/Versions/A/Frameworks/OpenScripting.framework/Versions/A/OpenScripting
0x0000000005775000 	/System/Library/Frameworks/Carbon.framework/Versions/A/Frameworks/Print.framework/Versions/A/Print
0x0000000005775000 	/System/Library/Frameworks/Carbon.framework/Versions/A/Frameworks/SecurityHI.framework/Versions/A/SecurityHI
0x000000010faaf000 	/Library/Java/JavaVirtualMachines/jdk1.8.0_162.jdk/Contents/Home/jre/lib/libawt_lwawt.dylib
0x000000010d854000 	/Library/Java/JavaVirtualMachines/jdk1.8.0_162.jdk/Contents/Home/jre/lib/./libosxapp.dylib
0x0000000005775000 	/System/Library/Frameworks/ExceptionHandling.framework/Versions/A/ExceptionHandling
0x000000010d9aa000 	/Library/Java/JavaVirtualMachines/jdk1.8.0_162.jdk/Contents/Home/jre/lib/libjpeg.dylib
0x000000010dac1000 	/private/var/folders/wv/bh92y9_d4p1gbqtx40jftqlm0000gn/T/jna-107020/jna9137221537957826880.tmp
0x0000000127a78000 	/usr/local/lib/libtesseract.dylib
0x0000000127f81000 	/usr/local/opt/leptonica/lib/liblept.5.dylib
0x000000010dad7000 	/usr/local/opt/libpng/lib/libpng16.16.dylib
0x000000010db03000 	/usr/local/opt/jpeg/lib/libjpeg.9.dylib
0x000000010ef0f000 	/usr/local/opt/libtiff/lib/libtiff.5.dylib

VM Arguments:
java_command: CheckCode-OCR-0.0.1-SNAPSHOT.jar
java_class_path (initial): CheckCode-OCR-0.0.1-SNAPSHOT.jar
Launcher Type: SUN_STANDARD

Environment Variables:
JAVA_HOME=/Library/Java/JavaVirtualMachines/jdk1.8.0_162.jdk/Contents/Home
CLASSPATH=.:/Library/Java/JavaVirtualMachines/jdk1.8.0_162.jdk/Contents/Home/lib/dt.jar:/Library/Java/JavaVirtualMachines/jdk1.8.0_162.jdk/Contents/Home/lib/tools.jar
PATH=/opt/local/bin:/opt/local/sbin:/Users/lee/bin:/Users/lee/go/bin:/Users/lee/Library/Maven/apache-maven-3.5.2/bin:/usr/local/bin:/usr/bin:/bin:/usr/sbin:/sbin:/usr/local/go/bin:/Library/Frameworks/Mono.framework/Versions/Current/Commands:/Library/Java/JavaVirtualMachines/jdk1.8.0_162.jdk/Contents/Home/bin:/Library/Frameworks/Mono.framework/Versions/5.8.1/bin
SHELL=/bin/bash

Signal Handlers:
SIGSEGV: [libjvm.dylib+0x5b52b5], sa_mask[0]=11111111011111110111111111111111, sa_flags=SA_ONSTACK|SA_RESTART|SA_SIGINFO
SIGBUS: [libjvm.dylib+0x5b52b5], sa_mask[0]=11111111011111110111111111111111, sa_flags=SA_RESTART|SA_SIGINFO
SIGFPE: [libjvm.dylib+0x48ac5c], sa_mask[0]=11111111011111110111111111111111, sa_flags=SA_RESTART|SA_SIGINFO
SIGPIPE: [libjvm.dylib+0x48ac5c], sa_mask[0]=11111111011111110111111111111111, sa_flags=SA_RESTART|SA_SIGINFO
SIGXFSZ: [libjvm.dylib+0x48ac5c], sa_mask[0]=11111111011111110111111111111111, sa_flags=SA_RESTART|SA_SIGINFO
SIGILL: [libjvm.dylib+0x48ac5c], sa_mask[0]=11111111011111110111111111111111, sa_flags=SA_RESTART|SA_SIGINFO
SIGUSR1: SIG_DFL, sa_mask[0]=11011111011111100000000111000110, sa_flags=none
SIGUSR2: [libjvm.dylib+0x48a77a], sa_mask[0]=00000000000000000000000000000000, sa_flags=SA_RESTART|SA_SIGINFO
SIGHUP: [libjvm.dylib+0x488d45], sa_mask[0]=11111111011111110111111111111111, sa_flags=SA_RESTART|SA_SIGINFO
SIGINT: [libjvm.dylib+0x488d45], sa_mask[0]=11111111011111110111111111111111, sa_flags=SA_RESTART|SA_SIGINFO
SIGTERM: [libjvm.dylib+0x488d45], sa_mask[0]=11111111011111110111111111111111, sa_flags=SA_RESTART|SA_SIGINFO
SIGQUIT: [libjvm.dylib+0x488d45], sa_mask[0]=11111111011111110111111111111111, sa_flags=SA_RESTART|SA_SIGINFO


---------------  S Y S T E M  ---------------

OS:Bsduname:Darwin 17.7.0 Darwin Kernel Version 17.7.0: Thu Jun 21 22:53:14 PDT 2018; root:xnu-4570.71.2~1/RELEASE_X86_64 x86_64
rlimit: STACK 8192k, CORE 0k, NPROC 1418, NOFILE 10240, AS infinity
load average:3.41 4.43 5.15

CPU:total 4 (initial active 4) (4 cores per cpu, 1 threads per core) family 6 model 158 stepping 9, cmov, cx8, fxsr, mmx, sse, sse2, sse3, ssse3, sse4.1, sse4.2, popcnt, avx, avx2, aes, clmul, erms, 3dnowpref, lzcnt, tsc, tscinvbit, bmi1, bmi2, adx

Memory: 4k page, physical 16777216k(457952k free)

/proc/meminfo:


vm_info: Java HotSpot(TM) 64-Bit Server VM (25.162-b12) for bsd-amd64 JRE (1.8.0_162-b12), built on Dec 19 2017 17:33:35 by "java_re" with gcc 4.2.1 (Based on Apple Inc. build 5658) (LLVM build 2336.11.00)

time: Fri Oct 19 17:10:03 2018
elapsed time: 13 seconds (0d 0h 0m 13s)

