#
# A fatal error has been detected by the Java Runtime Environment:
#
#  SIGSEGV (0xb) at pc=0x000000012bec593f, pid=58123, tid=0x000000000000a803
#
# JRE version: Java(TM) SE Runtime Environment (8.0_162-b12) (build 1.8.0_162-b12)
# Java VM: Java HotSpot(TM) 64-Bit Server VM (25.162-b12 mixed mode bsd-amd64 compressed oops)
# Problematic frame:
# C  [libtesseract.dylib+0x1293f]  tesseract::Tesseract::recog_all_words(PAGE_RES*, ETEXT_DESC*, TBOX const*, char const*, int)+0xa5
#
# Failed to write core dump. Core dumps have been disabled. To enable core dumping, try "ulimit -c unlimited" before starting Java again
#
# If you would like to submit a bug report, please visit:
#   http://bugreport.java.com/bugreport/crash.jsp
# The crash happened outside the Java Virtual Machine in native code.
# See problematic frame for where to report the bug.
#

---------------  T H R E A D  ---------------

Current thread (0x00007fbf4faef000):  JavaThread "http-nio-8850-exec-1" daemon [_thread_in_native, id=43011, stack(0x0000700003221000,0x0000700003321000)]

siginfo: si_signo: 11 (SIGSEGV), si_code: 1 (SEGV_MAPERR), si_addr: 0x000000000000000c

Registers:
RAX=0x0000000000000000, RBX=0x0000000000000000, RCX=0x0000000000000000, RDX=0x00007fbf4e49f6c0
RSP=0x000070000331d1c0, RBP=0x000070000331d330, RSI=0x0000000000000001, RDI=0x000070000331d218
R8 =0x0000000000000000, R9 =0x0000000000000000, R10=0x00000000fc000000, R11=0x00007fbf4e400000
R12=0x00007fbf512db600, R13=0x0000000000000000, R14=0x0000000000000000, R15=0x00007fbf4e49f660
RIP=0x000000012bec593f, EFLAGS=0x0000000000010246, ERR=0x0000000000000004
  TRAPNO=0x000000000000000e

Top of Stack: (sp=0x000070000331d1c0)
0x000070000331d1c0:   0000000000000000 00007fbf4e49f660
0x000070000331d1d0:   0000000000000000 0000000000000000
0x000070000331d1e0:   0000000000000000 00007fbf4e49f3f0
0x000070000331d1f0:   00007fbf4e49f6f0 00007fbf4e49f6c0
0x000070000331d200:   0000000000000000 0000000000000000
0x000070000331d210:   0000000000000000 00007fbf4e49f668
0x000070000331d220:   00007fbf4e49f6c0 00007fbf4e49f6c0
0x000070000331d230:   00007fbf4e49f6c0 00007fbf4e490000
0x000070000331d240:   00007fbf4e49f6c0 00007fbf4e490001
0x000070000331d250:   00007fbf4e49f6e8 00007fbf4e49f6f0
0x000070000331d260:   00007fbf4e49f6f0 00007fbf4e49f6f0
0x000070000331d270:   00007fbf4e490000 00007fbf4e49f6f0
0x000070000331d280:   00007fbf4e49eb01 00007fbf4e49f710
0x000070000331d290:   00007fbf4e49f3f0 00007fbf4e49f3f0
0x000070000331d2a0:   00007fbf4e49f3f0 00007fbf512d0000
0x000070000331d2b0:   00007fbf4e49f3f0 00007fbf4e674501
0x000070000331d2c0:   000070000331d300 000000012beb5aa6
0x000070000331d2d0:   00007fbf512db7f8 00007fbf4e66ccc0
0x000070000331d2e0:   00007fbf4e49f660 00007fbf512db600
0x000070000331d2f0:   0000000000000000 0000000000000000
0x000070000331d300:   000070000331d330 000070000331d301
0x000070000331d310:   00007fbf4e49f660 00007fbf512db600
0x000070000331d320:   00000000ffffffff 00007fbf4e66ccc0
0x000070000331d330:   000070000331d3a0 000000012beb7696
0x000070000331d340:   00007fbf4e66ccc0 000070000331d4f8
0x000070000331d350:   000070000331d250 0000000000000000
0x000070000331d360:   0000000000000001 0000000000000006
0x000070000331d370:   0100000000000006 00007fbf4e66ccc0
0x000070000331d380:   0000000000000000 000000011a133534
0x000070000331d390:   0000000000000000 aff52c47eebc00bd
0x000070000331d3a0:   000070000331d3e0 000000012beb637a
0x000070000331d3b0:   000070000331d3d0 000000011a12fadd 

Instructions: (pc=0x000000012bec593f)
0x000000012bec591f:   24 c0 16 00 00 00 7e 0d 49 89 de 4c 89 e7 e8 4e
0x000000012bec592f:   df 0b 00 eb 19 49 89 de 49 8b 84 24 10 0b 00 00
0x000000012bec593f:   80 78 0c 00 74 08 4c 89 e7 e8 a7 df 0b 00 41 83
0x000000012bec594f:   bc 24 40 4c 00 00 00 7e 40 31 db 49 8b 84 24 48 

Register to memory mapping:

RAX=0x0000000000000000 is an unknown value
RBX=0x0000000000000000 is an unknown value
RCX=0x0000000000000000 is an unknown value
RDX=0x00007fbf4e49f6c0 is an unknown value
RSP=0x000070000331d1c0 is pointing into the stack for thread: 0x00007fbf4faef000
RBP=0x000070000331d330 is pointing into the stack for thread: 0x00007fbf4faef000
RSI=0x0000000000000001 is an unknown value
RDI=0x000070000331d218 is pointing into the stack for thread: 0x00007fbf4faef000
R8 =0x0000000000000000 is an unknown value
R9 =0x0000000000000000 is an unknown value
R10=0x00000000fc000000 is an unknown value
R11=0x00007fbf4e400000 is an unknown value
R12=0x00007fbf512db600 is an unknown value
R13=0x0000000000000000 is an unknown value
R14=0x0000000000000000 is an unknown value
R15=0x00007fbf4e49f660 is an unknown value


Stack: [0x0000700003221000,0x0000700003321000],  sp=0x000070000331d1c0,  free space=1008k
Native frames: (J=compiled Java code, j=interpreted, Vv=VM code, C=native code)
C  [libtesseract.dylib+0x1293f]  tesseract::Tesseract::recog_all_words(PAGE_RES*, ETEXT_DESC*, TBOX const*, char const*, int)+0xa5
C  [libtesseract.dylib+0x4696]  tesseract::TessBaseAPI::Recognize(ETEXT_DESC*)+0x2d6
C  [libtesseract.dylib+0x337a]  tesseract::TessBaseAPI::GetUTF8Text()+0x30
C  [jna3029382762889524105.tmp+0xdf44]  ffi_call_unix64+0x4c
C  0x000070000331ddf8

Java frames: (J=compiled Java code, j=interpreted, Vv=VM code)
j  com.sun.jna.Native.invokePointer(Lcom/sun/jna/Function;JI[Ljava/lang/Object;)J+0
j  com.sun.jna.Function.invokePointer(I[Ljava/lang/Object;)Lcom/sun/jna/Pointer;+7
j  com.sun.jna.Function.invoke([Ljava/lang/Object;Ljava/lang/Class;ZI)Ljava/lang/Object;+385
j  com.sun.jna.Function.invoke(Ljava/lang/reflect/Method;[Ljava/lang/Class;Ljava/lang/Class;[Ljava/lang/Object;Ljava/util/Map;)Ljava/lang/Object;+271
j  com.sun.jna.Library$Handler.invoke(Ljava/lang/Object;Ljava/lang/reflect/Method;[Ljava/lang/Object;)Ljava/lang/Object;+344
j  com.sun.proxy.$Proxy80.TessBaseAPIGetUTF8Text(Lnet/sourceforge/tess4j/ITessAPI$TessBaseAPI;)Lcom/sun/jna/Pointer;+16
j  net.sourceforge.tess4j.Tesseract.getOCRText(Ljava/lang/String;I)Ljava/lang/String;+62
j  net.sourceforge.tess4j.Tesseract.doOCR(Ljava/util/List;Ljava/lang/String;Ljava/awt/Rectangle;)Ljava/lang/String;+69
j  net.sourceforge.tess4j.Tesseract.doOCR(Ljava/util/List;Ljava/awt/Rectangle;)Ljava/lang/String;+4
j  net.sourceforge.tess4j.Tesseract.doOCR(Ljava/awt/image/BufferedImage;Ljava/awt/Rectangle;)Ljava/lang/String;+6
j  net.sourceforge.tess4j.Tesseract.doOCR(Ljava/awt/image/BufferedImage;)Ljava/lang/String;+3
j  CheckCode_OCR.CheckCode_OCR.controller.OcrController.handler(Ljava/lang/String;)Ljava/lang/String;+57
v  ~StubRoutines::call_stub
J 1848  sun.reflect.NativeMethodAccessorImpl.invoke0(Ljava/lang/reflect/Method;Ljava/lang/Object;[Ljava/lang/Object;)Ljava/lang/Object; (0 bytes) @ 0x000000011b5274b7 [0x000000011b527440+0x77]
J 1847 C1 sun.reflect.NativeMethodAccessorImpl.invoke(Ljava/lang/Object;[Ljava/lang/Object;)Ljava/lang/Object; (104 bytes) @ 0x000000011b528ad4 [0x000000011b527900+0x11d4]
J 3155 C2 java.lang.reflect.Method.invoke(Ljava/lang/Object;[Ljava/lang/Object;)Ljava/lang/Object; (62 bytes) @ 0x000000011ba10da8 [0x000000011ba10d00+0xa8]
j  org.springframework.web.method.support.InvocableHandlerMethod.doInvoke([Ljava/lang/Object;)Ljava/lang/Object;+16
j  org.springframework.web.method.support.InvocableHandlerMethod.invokeForRequest(Lorg/springframework/web/context/request/NativeWebRequest;Lorg/springframework/web/method/support/ModelAndViewContainer;[Ljava/lang/Object;)Ljava/lang/Object;+75
j  org.springframework.web.servlet.mvc.method.annotation.ServletInvocableHandlerMethod.invokeAndHandle(Lorg/springframework/web/context/request/ServletWebRequest;Lorg/springframework/web/method/support/ModelAndViewContainer;[Ljava/lang/Object;)V+4
j  org.springframework.web.servlet.mvc.method.annotation.RequestMappingHandlerAdapter.invokeHandlerMethod(Ljavax/servlet/http/HttpServletRequest;Ljavax/servlet/http/HttpServletResponse;Lorg/springframework/web/method/HandlerMethod;)Lorg/springframework/web/servlet/ModelAndView;+276
j  org.springframework.web.servlet.mvc.method.annotation.RequestMappingHandlerAdapter.handleInternal(Ljavax/servlet/http/HttpServletRequest;Ljavax/servlet/http/HttpServletResponse;Lorg/springframework/web/method/HandlerMethod;)Lorg/springframework/web/servlet/ModelAndView;+81
j  org.springframework.web.servlet.mvc.method.AbstractHandlerMethodAdapter.handle(Ljavax/servlet/http/HttpServletRequest;Ljavax/servlet/http/HttpServletResponse;Ljava/lang/Object;)Lorg/springframework/web/servlet/ModelAndView;+7
j  org.springframework.web.servlet.DispatcherServlet.doDispatch(Ljavax/servlet/http/HttpServletRequest;Ljavax/servlet/http/HttpServletResponse;)V+310
j  org.springframework.web.servlet.DispatcherServlet.doService(Ljavax/servlet/http/HttpServletRequest;Ljavax/servlet/http/HttpServletResponse;)V+308
j  org.springframework.web.servlet.FrameworkServlet.processRequest(Ljavax/servlet/http/HttpServletRequest;Ljavax/servlet/http/HttpServletResponse;)V+71
j  org.springframework.web.servlet.FrameworkServlet.doGet(Ljavax/servlet/http/HttpServletRequest;Ljavax/servlet/http/HttpServletResponse;)V+3
j  javax.servlet.http.HttpServlet.service(Ljavax/servlet/http/HttpServletRequest;Ljavax/servlet/http/HttpServletResponse;)V+35
j  org.springframework.web.servlet.FrameworkServlet.service(Ljavax/servlet/http/HttpServletRequest;Ljavax/servlet/http/HttpServletResponse;)V+33
j  javax.servlet.http.HttpServlet.service(Ljavax/servlet/ServletRequest;Ljavax/servlet/ServletResponse;)V+30
j  org.apache.catalina.core.ApplicationFilterChain.internalDoFilter(Ljavax/servlet/ServletRequest;Ljavax/servlet/ServletResponse;)V+304
j  org.apache.catalina.core.ApplicationFilterChain.doFilter(Ljavax/servlet/ServletRequest;Ljavax/servlet/ServletResponse;)V+101
j  org.apache.tomcat.websocket.server.WsFilter.doFilter(Ljavax/servlet/ServletRequest;Ljavax/servlet/ServletResponse;Ljavax/servlet/FilterChain;)V+21
j  org.apache.catalina.core.ApplicationFilterChain.internalDoFilter(Ljavax/servlet/ServletRequest;Ljavax/servlet/ServletResponse;)V+135
j  org.apache.catalina.core.ApplicationFilterChain.doFilter(Ljavax/servlet/ServletRequest;Ljavax/servlet/ServletResponse;)V+101
j  org.springframework.web.filter.RequestContextFilter.doFilterInternal(Ljavax/servlet/http/HttpServletRequest;Ljavax/servlet/http/HttpServletResponse;Ljavax/servlet/FilterChain;)V+21
j  org.springframework.web.filter.OncePerRequestFilter.doFilter(Ljavax/servlet/ServletRequest;Ljavax/servlet/ServletResponse;Ljavax/servlet/FilterChain;)V+111
j  org.apache.catalina.core.ApplicationFilterChain.internalDoFilter(Ljavax/servlet/ServletRequest;Ljavax/servlet/ServletResponse;)V+135
j  org.apache.catalina.core.ApplicationFilterChain.doFilter(Ljavax/servlet/ServletRequest;Ljavax/servlet/ServletResponse;)V+101
j  org.springframework.web.filter.HttpPutFormContentFilter.doFilterInternal(Ljavax/servlet/http/HttpServletRequest;Ljavax/servlet/http/HttpServletResponse;Ljavax/servlet/FilterChain;)V+95
j  org.springframework.web.filter.OncePerRequestFilter.doFilter(Ljavax/servlet/ServletRequest;Ljavax/servlet/ServletResponse;Ljavax/servlet/FilterChain;)V+111
j  org.apache.catalina.core.ApplicationFilterChain.internalDoFilter(Ljavax/servlet/ServletRequest;Ljavax/servlet/ServletResponse;)V+135
j  org.apache.catalina.core.ApplicationFilterChain.doFilter(Ljavax/servlet/ServletRequest;Ljavax/servlet/ServletResponse;)V+101
j  org.springframework.web.filter.HiddenHttpMethodFilter.doFilterInternal(Ljavax/servlet/http/HttpServletRequest;Ljavax/servlet/http/HttpServletResponse;Ljavax/servlet/FilterChain;)V+87
j  org.springframework.web.filter.OncePerRequestFilter.doFilter(Ljavax/servlet/ServletRequest;Ljavax/servlet/ServletResponse;Ljavax/servlet/FilterChain;)V+111
j  org.apache.catalina.core.ApplicationFilterChain.internalDoFilter(Ljavax/servlet/ServletRequest;Ljavax/servlet/ServletResponse;)V+135
j  org.apache.catalina.core.ApplicationFilterChain.doFilter(Ljavax/servlet/ServletRequest;Ljavax/servlet/ServletResponse;)V+101
j  org.springframework.web.filter.CharacterEncodingFilter.doFilterInternal(Ljavax/servlet/http/HttpServletRequest;Ljavax/servlet/http/HttpServletResponse;Ljavax/servlet/FilterChain;)V+53
j  org.springframework.web.filter.OncePerRequestFilter.doFilter(Ljavax/servlet/ServletRequest;Ljavax/servlet/ServletResponse;Ljavax/servlet/FilterChain;)V+111
j  org.apache.catalina.core.ApplicationFilterChain.internalDoFilter(Ljavax/servlet/ServletRequest;Ljavax/servlet/ServletResponse;)V+135
j  org.apache.catalina.core.ApplicationFilterChain.doFilter(Ljavax/servlet/ServletRequest;Ljavax/servlet/ServletResponse;)V+101
j  org.apache.catalina.core.StandardWrapperValve.invoke(Lorg/apache/catalina/connector/Request;Lorg/apache/catalina/connector/Response;)V+688
j  org.apache.catalina.core.StandardContextValve.invoke(Lorg/apache/catalina/connector/Request;Lorg/apache/catalina/connector/Response;)V+166
j  org.apache.catalina.authenticator.AuthenticatorBase.invoke(Lorg/apache/catalina/connector/Request;Lorg/apache/catalina/connector/Response;)V+260
j  org.apache.catalina.core.StandardHostValve.invoke(Lorg/apache/catalina/connector/Request;Lorg/apache/catalina/connector/Response;)V+138
j  org.apache.catalina.valves.ErrorReportValve.invoke(Lorg/apache/catalina/connector/Request;Lorg/apache/catalina/connector/Response;)V+6
j  org.apache.catalina.core.StandardEngineValve.invoke(Lorg/apache/catalina/connector/Request;Lorg/apache/catalina/connector/Response;)V+71
j  org.apache.catalina.connector.CoyoteAdapter.service(Lorg/apache/coyote/Request;Lorg/apache/coyote/Response;)V+199
j  org.apache.coyote.http11.Http11Processor.service(Lorg/apache/tomcat/util/net/SocketWrapperBase;)Lorg/apache/tomcat/util/net/AbstractEndpoint$Handler$SocketState;+806
j  org.apache.coyote.AbstractProcessorLight.process(Lorg/apache/tomcat/util/net/SocketWrapperBase;Lorg/apache/tomcat/util/net/SocketEvent;)Lorg/apache/tomcat/util/net/AbstractEndpoint$Handler$SocketState;+113
j  org.apache.coyote.AbstractProtocol$ConnectionHandler.process(Lorg/apache/tomcat/util/net/SocketWrapperBase;Lorg/apache/tomcat/util/net/SocketEvent;)Lorg/apache/tomcat/util/net/AbstractEndpoint$Handler$SocketState;+414
j  org.apache.tomcat.util.net.NioEndpoint$SocketProcessor.doRun()V+191
j  org.apache.tomcat.util.net.SocketProcessorBase.run()V+21
j  java.util.concurrent.ThreadPoolExecutor.runWorker(Ljava/util/concurrent/ThreadPoolExecutor$Worker;)V+95
j  java.util.concurrent.ThreadPoolExecutor$Worker.run()V+5
j  org.apache.tomcat.util.threads.TaskThread$WrappingRunnable.run()V+4
j  java.lang.Thread.run()V+11
v  ~StubRoutines::call_stub

---------------  P R O C E S S  ---------------

Java Threads: ( => current thread )
  0x00007fbf50af5000 JavaThread "Java2D Disposer" daemon [_thread_blocked, id=26887, stack(0x000070000455a000,0x000070000465a000)]
  0x00007fbf50887800 JavaThread "AWT-AppKit" daemon [_thread_in_native, id=775, stack(0x00007ffee3a4a000,0x00007ffee424a000)]
  0x00007fbf5088a000 JavaThread "logback-8" daemon [_thread_blocked, id=38915, stack(0x0000700004457000,0x0000700004557000)]
  0x00007fbf4c203800 JavaThread "logback-7" daemon [_thread_blocked, id=26115, stack(0x0000700004354000,0x0000700004454000)]
  0x00007fbf50889800 JavaThread "logback-6" daemon [_thread_blocked, id=39427, stack(0x0000700004251000,0x0000700004351000)]
  0x00007fbf4c91c800 JavaThread "logback-5" daemon [_thread_blocked, id=12051, stack(0x000070000414e000,0x000070000424e000)]
  0x00007fbf4ea02800 JavaThread "logback-4" daemon [_thread_blocked, id=4103, stack(0x000070000404b000,0x000070000414b000)]
  0x00007fbf5101d800 JavaThread "logback-3" daemon [_thread_blocked, id=16903, stack(0x0000700002e15000,0x0000700002f15000)]
  0x00007fbf50897000 JavaThread "logback-2" daemon [_thread_blocked, id=17159, stack(0x0000700002c0f000,0x0000700002d0f000)]
  0x00007fbf4f5d6800 JavaThread "DestroyJavaVM" [_thread_blocked, id=9987, stack(0x0000700001de5000,0x0000700001ee5000)]
  0x00007fbf4f4f0800 JavaThread "http-nio-8850-AsyncTimeout" daemon [_thread_blocked, id=39939, stack(0x0000700003f48000,0x0000700004048000)]
  0x00007fbf4f47e800 JavaThread "http-nio-8850-Acceptor-0" daemon [_thread_in_native, id=40451, stack(0x0000700003e45000,0x0000700003f45000)]
  0x00007fbf4ceeb800 JavaThread "http-nio-8850-ClientPoller-1" daemon [_thread_in_native, id=25347, stack(0x0000700003d42000,0x0000700003e42000)]
  0x00007fbf4d898800 JavaThread "http-nio-8850-ClientPoller-0" daemon [_thread_in_native, id=24835, stack(0x0000700003c3f000,0x0000700003d3f000)]
  0x00007fbf4fce1800 JavaThread "http-nio-8850-exec-10" daemon [_thread_blocked, id=24323, stack(0x0000700003b3c000,0x0000700003c3c000)]
  0x00007fbf4deb5800 JavaThread "http-nio-8850-exec-9" daemon [_thread_blocked, id=24067, stack(0x0000700003a39000,0x0000700003b39000)]
  0x00007fbf4fb48800 JavaThread "http-nio-8850-exec-8" daemon [_thread_blocked, id=40963, stack(0x0000700003936000,0x0000700003a36000)]
  0x00007fbf4dac1000 JavaThread "http-nio-8850-exec-7" daemon [_thread_blocked, id=23299, stack(0x0000700003833000,0x0000700003933000)]
  0x00007fbf4fca0800 JavaThread "http-nio-8850-exec-6" daemon [_thread_blocked, id=23043, stack(0x0000700003730000,0x0000700003830000)]
  0x00007fbf4d856800 JavaThread "http-nio-8850-exec-5" daemon [_thread_blocked, id=22787, stack(0x000070000362d000,0x000070000372d000)]
  0x00007fbf4ed8d800 JavaThread "http-nio-8850-exec-4" daemon [_thread_blocked, id=22531, stack(0x000070000352a000,0x000070000362a000)]
  0x00007fbf4fa0a000 JavaThread "http-nio-8850-exec-3" daemon [_thread_blocked, id=41987, stack(0x0000700003427000,0x0000700003527000)]
  0x00007fbf4dbf2000 JavaThread "http-nio-8850-exec-2" daemon [_thread_blocked, id=42499, stack(0x0000700003324000,0x0000700003424000)]
=>0x00007fbf4faef000 JavaThread "http-nio-8850-exec-1" daemon [_thread_in_native, id=43011, stack(0x0000700003221000,0x0000700003321000)]
  0x00007fbf4fa34000 JavaThread "NioBlockingSelector.BlockPoller-1" daemon [_thread_in_native, id=43267, stack(0x000070000311e000,0x000070000321e000)]
  0x00007fbf4d2c3800 JavaThread "container-0" [_thread_blocked, id=16643, stack(0x000070000301b000,0x000070000311b000)]
  0x00007fbf4cbfc800 JavaThread "ContainerBackgroundProcessor[StandardEngine[Tomcat]]" daemon [_thread_blocked, id=16131, stack(0x0000700002f18000,0x0000700003018000)]
  0x00007fbf4d452800 JavaThread "logback-1" daemon [_thread_blocked, id=15619, stack(0x0000700002d12000,0x0000700002e12000)]
  0x00007fbf4d824800 JavaThread "Service Thread" daemon [_thread_blocked, id=17667, stack(0x0000700002a09000,0x0000700002b09000)]
  0x00007fbf4d806800 JavaThread "C1 CompilerThread2" daemon [_thread_blocked, id=18179, stack(0x0000700002906000,0x0000700002a06000)]
  0x00007fbf4c80c000 JavaThread "C2 CompilerThread1" daemon [_thread_in_native, id=18691, stack(0x0000700002803000,0x0000700002903000)]
  0x00007fbf4c05b000 JavaThread "C2 CompilerThread0" daemon [_thread_blocked, id=18947, stack(0x0000700002700000,0x0000700002800000)]
  0x00007fbf4c04c000 JavaThread "Signal Dispatcher" daemon [_thread_blocked, id=19459, stack(0x00007000025fd000,0x00007000026fd000)]
  0x00007fbf4d020800 JavaThread "Finalizer" daemon [_thread_blocked, id=20739, stack(0x00007000024fa000,0x00007000025fa000)]
  0x00007fbf4d01f800 JavaThread "Reference Handler" daemon [_thread_blocked, id=21251, stack(0x00007000023f7000,0x00007000024f7000)]

Other Threads:
  0x00007fbf4c04b800 VMThread [stack: 0x00007000022f4000,0x00007000023f4000] [id=11779]
  0x00007fbf4c814800 WatcherThread [stack: 0x0000700002b0c000,0x0000700002c0c000] [id=14595]

VM state:not at safepoint (normal execution)

VM Mutex/Monitor currently owned by a thread: None

Heap:
 PSYoungGen      total 309760K, used 145735K [0x000000076ab00000, 0x000000077e700000, 0x00000007c0000000)
  eden space 302592K, 45% used [0x000000076ab00000,0x00000007732c1dc0,0x000000077d280000)
  from space 7168K, 93% used [0x000000077dc00000,0x000000077e290020,0x000000077e300000)
  to   space 4096K, 0% used [0x000000077e300000,0x000000077e300000,0x000000077e700000)
 ParOldGen       total 186880K, used 17373K [0x00000006c0000000, 0x00000006cb680000, 0x000000076ab00000)
  object space 186880K, 9% used [0x00000006c0000000,0x00000006c10f74f8,0x00000006cb680000)
 Metaspace       used 44486K, capacity 46438K, committed 46592K, reserved 1089536K
  class space    used 5767K, capacity 6118K, committed 6144K, reserved 1048576K

Card table byte_map: [0x000000010d76e000,0x000000010df6f000] byte_map_base: 0x000000010a16e000

Marking Bits: (ParMarkBitMap*) 0x000000010ccf76c0
 Begin Bits: [0x000000010e4c5000, 0x00000001124c5000)
 End Bits:   [0x00000001124c5000, 0x00000001164c5000)

Polling page: 0x000000010ba65000

CodeCache: size=245760Kb used=13183Kb max_used=14150Kb free=232576Kb
 bounds [0x000000011af21000, 0x000000011bd01000, 0x0000000129f21000]
 total_blobs=4217 nmethods=3750 adapters=380
 compilation: enabled

Compilation events (10 events):
Event: 1690.499 Thread 0x00007fbf4c05b000 4316       4       sun.util.calendar.BaseCalendar::getGregorianYearFromFixedDate (201 bytes)
Event: 1690.500 Thread 0x00007fbf4c05b000 nmethod 4316 0x000000011b06df10 code [0x000000011b06e060, 0x000000011b06e1f8]
Event: 1690.503 Thread 0x00007fbf4d806800 4318       1       com.github.jaiimageio.plugins.tiff.TIFFTag::getNumber (5 bytes)
Event: 1690.503 Thread 0x00007fbf4d806800 nmethod 4318 0x000000011b1013d0 code [0x000000011b101520, 0x000000011b101630]
Event: 1690.503 Thread 0x00007fbf4d806800 4319       1       com.github.jaiimageio.plugins.tiff.TIFFTag::getName (5 bytes)
Event: 1690.503 Thread 0x00007fbf4d806800 nmethod 4319 0x000000011b101110 code [0x000000011b101260, 0x000000011b101370]
Event: 1690.517 Thread 0x00007fbf4c05b000 4320       4       java.io.RandomAccessFile::seek (22 bytes)
Event: 1690.517 Thread 0x00007fbf4c05b000 nmethod 4320 0x000000011b12cc10 code [0x000000011b12cd60, 0x000000011b12ce08]
Event: 1690.518 Thread 0x00007fbf4c05b000 4321       4       java.io.RandomAccessFile::read (8 bytes)
Event: 1690.519 Thread 0x00007fbf4c05b000 nmethod 4321 0x000000011b23f050 code [0x000000011b23f1a0, 0x000000011b23f228]

GC Heap History (10 events):
Event: 3.021 GC heap before
{Heap before GC invocations=9 (full 1):
 PSYoungGen      total 264704K, used 262047K [0x000000076ab00000, 0x000000077bd80000, 0x00000007c0000000)
  eden space 258048K, 99% used [0x000000076ab00000,0x000000077a582c30,0x000000077a700000)
  from space 6656K, 82% used [0x000000077a700000,0x000000077ac65040,0x000000077ad80000)
  to   space 7168K, 0% used [0x000000077b680000,0x000000077b680000,0x000000077bd80000)
 ParOldGen       total 106496K, used 5772K [0x00000006c0000000, 0x00000006c6800000, 0x000000076ab00000)
  object space 106496K, 5% used [0x00000006c0000000,0x00000006c05a3378,0x00000006c6800000)
 Metaspace       used 33975K, capacity 35266K, committed 35416K, reserved 1081344K
  class space    used 4339K, capacity 4588K, committed 4608K, reserved 1048576K
Event: 3.032 GC heap after
Heap after GC invocations=9 (full 1):
 PSYoungGen      total 270848K, used 7136K [0x000000076ab00000, 0x0000000782280000, 0x00000007c0000000)
  eden space 263680K, 0% used [0x000000076ab00000,0x000000076ab00000,0x000000077ac80000)
  from space 7168K, 99% used [0x000000077b680000,0x000000077bd78030,0x000000077bd80000)
  to   space 10240K, 0% used [0x000000077ac80000,0x000000077ac80000,0x000000077b680000)
 ParOldGen       total 106496K, used 11030K [0x00000006c0000000, 0x00000006c6800000, 0x000000076ab00000)
  object space 106496K, 10% used [0x00000006c0000000,0x00000006c0ac58e8,0x00000006c6800000)
 Metaspace       used 33975K, capacity 35266K, committed 35416K, reserved 1081344K
  class space    used 4339K, capacity 4588K, committed 4608K, reserved 1048576K
}
Event: 3.032 GC heap before
{Heap before GC invocations=10 (full 2):
 PSYoungGen      total 270848K, used 7136K [0x000000076ab00000, 0x0000000782280000, 0x00000007c0000000)
  eden space 263680K, 0% used [0x000000076ab00000,0x000000076ab00000,0x000000077ac80000)
  from space 7168K, 99% used [0x000000077b680000,0x000000077bd78030,0x000000077bd80000)
  to   space 10240K, 0% used [0x000000077ac80000,0x000000077ac80000,0x000000077b680000)
 ParOldGen       total 106496K, used 11030K [0x00000006c0000000, 0x00000006c6800000, 0x000000076ab00000)
  object space 106496K, 10% used [0x00000006c0000000,0x00000006c0ac58e8,0x00000006c6800000)
 Metaspace       used 33975K, capacity 35266K, committed 35416K, reserved 1081344K
  class space    used 4339K, capacity 4588K, committed 4608K, reserved 1048576K
Event: 3.101 GC heap after
Heap after GC invocations=10 (full 2):
 PSYoungGen      total 270848K, used 0K [0x000000076ab00000, 0x0000000782280000, 0x00000007c0000000)
  eden space 263680K, 0% used [0x000000076ab00000,0x000000076ab00000,0x000000077ac80000)
  from space 7168K, 0% used [0x000000077b680000,0x000000077b680000,0x000000077bd80000)
  to   space 10240K, 0% used [0x000000077ac80000,0x000000077ac80000,0x000000077b680000)
 ParOldGen       total 186880K, used 17349K [0x00000006c0000000, 0x00000006cb680000, 0x000000076ab00000)
  object space 186880K, 9% used [0x00000006c0000000,0x00000006c10f14f8,0x00000006cb680000)
 Metaspace       used 33975K, capacity 35266K, committed 35416K, reserved 1081344K
  class space    used 4339K, capacity 4588K, committed 4608K, reserved 1048576K
}
Event: 3.511 GC heap before
{Heap before GC invocations=11 (full 2):
 PSYoungGen      total 270848K, used 263680K [0x000000076ab00000, 0x0000000782280000, 0x00000007c0000000)
  eden space 263680K, 100% used [0x000000076ab00000,0x000000077ac80000,0x000000077ac80000)
  from space 7168K, 0% used [0x000000077b680000,0x000000077b680000,0x000000077bd80000)
  to   space 10240K, 0% used [0x000000077ac80000,0x000000077ac80000,0x000000077b680000)
 ParOldGen       total 186880K, used 17349K [0x00000006c0000000, 0x00000006cb680000, 0x000000076ab00000)
  object space 186880K, 9% used [0x00000006c0000000,0x00000006c10f14f8,0x00000006cb680000)
 Metaspace       used 35737K, capacity 37106K, committed 37336K, reserved 1081344K
  class space    used 4572K, capacity 4868K, committed 4992K, reserved 1048576K
Event: 3.515 GC heap after
Heap after GC invocations=11 (full 2):
 PSYoungGen      total 273920K, used 3104K [0x000000076ab00000, 0x000000077f080000, 0x00000007c0000000)
  eden space 263680K, 0% used [0x000000076ab00000,0x000000076ab00000,0x000000077ac80000)
  from space 10240K, 30% used [0x000000077ac80000,0x000000077af88000,0x000000077b680000)
  to   space 10240K, 0% used [0x000000077e680000,0x000000077e680000,0x000000077f080000)
 ParOldGen       total 186880K, used 17357K [0x00000006c0000000, 0x00000006cb680000, 0x000000076ab00000)
  object space 186880K, 9% used [0x00000006c0000000,0x00000006c10f34f8,0x00000006cb680000)
 Metaspace       used 35737K, capacity 37106K, committed 37336K, reserved 1081344K
  class space    used 4572K, capacity 4868K, committed 4992K, reserved 1048576K
}
Event: 3.952 GC heap before
{Heap before GC invocations=12 (full 2):
 PSYoungGen      total 273920K, used 266784K [0x000000076ab00000, 0x000000077f080000, 0x00000007c0000000)
  eden space 263680K, 100% used [0x000000076ab00000,0x000000077ac80000,0x000000077ac80000)
  from space 10240K, 30% used [0x000000077ac80000,0x000000077af88000,0x000000077b680000)
  to   space 10240K, 0% used [0x000000077e680000,0x000000077e680000,0x000000077f080000)
 ParOldGen       total 186880K, used 17357K [0x00000006c0000000, 0x00000006cb680000, 0x000000076ab00000)
  object space 186880K, 9% used [0x00000006c0000000,0x00000006c10f34f8,0x00000006cb680000)
 Metaspace       used 37870K, capacity 39596K, committed 39808K, reserved 1083392K
  class space    used 4895K, capacity 5217K, committed 5248K, reserved 1048576K
Event: 3.958 GC heap after
Heap after GC invocations=12 (full 2):
 PSYoungGen      total 322048K, used 6176K [0x000000076ab00000, 0x000000077f000000, 0x00000007c0000000)
  eden space 312320K, 0% used [0x000000076ab00000,0x000000076ab00000,0x000000077dc00000)
  from space 9728K, 63% used [0x000000077e680000,0x000000077ec88000,0x000000077f000000)
  to   space 10240K, 0% used [0x000000077dc00000,0x000000077dc00000,0x000000077e600000)
 ParOldGen       total 186880K, used 17365K [0x00000006c0000000, 0x00000006cb680000, 0x000000076ab00000)
  object space 186880K, 9% used [0x00000006c0000000,0x00000006c10f54f8,0x00000006cb680000)
 Metaspace       used 37870K, capacity 39596K, committed 39808K, reserved 1083392K
  class space    used 4895K, capacity 5217K, committed 5248K, reserved 1048576K
}
Event: 1690.153 GC heap before
{Heap before GC invocations=13 (full 2):
 PSYoungGen      total 322048K, used 318496K [0x000000076ab00000, 0x000000077f000000, 0x00000007c0000000)
  eden space 312320K, 100% used [0x000000076ab00000,0x000000077dc00000,0x000000077dc00000)
  from space 9728K, 63% used [0x000000077e680000,0x000000077ec88000,0x000000077f000000)
  to   space 10240K, 0% used [0x000000077dc00000,0x000000077dc00000,0x000000077e600000)
 ParOldGen       total 186880K, used 17365K [0x00000006c0000000, 0x00000006cb680000, 0x000000076ab00000)
  object space 186880K, 9% used [0x00000006c0000000,0x00000006c10f54f8,0x00000006cb680000)
 Metaspace       used 41025K, capacity 42872K, committed 43136K, reserved 1087488K
  class space    used 5308K, capacity 5661K, committed 5760K, reserved 1048576K
Event: 1690.162 GC heap after
Heap after GC invocations=13 (full 2):
 PSYoungGen      total 309760K, used 6720K [0x000000076ab00000, 0x000000077e700000, 0x00000007c0000000)
  eden space 302592K, 0% used [0x000000076ab00000,0x000000076ab00000,0x000000077d280000)
  from space 7168K, 93% used [0x000000077dc00000,0x000000077e290020,0x000000077e300000)
  to   space 4096K, 0% used [0x000000077e300000,0x000000077e300000,0x000000077e700000)
 ParOldGen       total 186880K, used 17373K [0x00000006c0000000, 0x00000006cb680000, 0x000000076ab00000)
  object space 186880K, 9% used [0x00000006c0000000,0x00000006c10f74f8,0x00000006cb680000)
 Metaspace       used 41025K, capacity 42872K, committed 43136K, reserved 1087488K
  class space    used 5308K, capacity 5661K, committed 5760K, reserved 1048576K
}

Deoptimization events (10 events):
Event: 1690.328 Thread 0x00007fbf4faef000 Uncommon trap: reason=class_check action=maybe_recompile pc=0x000000011b7efe18 method=java.util.AbstractList$Itr.hasNext()Z @ 8
Event: 1690.328 Thread 0x00007fbf4faef000 Uncommon trap: reason=class_check action=maybe_recompile pc=0x000000011b93e360 method=java.util.AbstractList$Itr.next()Ljava/lang/Object; @ 14
Event: 1690.365 Thread 0x00007fbf4faef000 Uncommon trap: reason=unstable_if action=reinterpret pc=0x000000011b2fff50 method=org.springframework.boot.loader.jar.AsciiBytes.matches(Ljava/lang/CharSequence;C)Z @ 13
Event: 1690.365 Thread 0x00007fbf4faef000 Uncommon trap: reason=unstable_if action=reinterpret pc=0x000000011b1480a8 method=org.springframework.boot.loader.jar.AsciiBytes.getChar(Ljava/lang/CharSequence;CI)C @ 7
Event: 1690.365 Thread 0x00007fbf4faef000 Uncommon trap: reason=unstable_if action=reinterpret pc=0x000000011ba099dc method=org.springframework.boot.loader.jar.AsciiBytes.matches(Ljava/lang/CharSequence;C)Z @ 13
Event: 1690.397 Thread 0x00007fbf4faef000 Uncommon trap: reason=class_check action=maybe_recompile pc=0x000000011b76d434 method=java.util.Collections$SynchronizedMap.get(Ljava/lang/Object;)Ljava/lang/Object; @ 12
Event: 1690.470 Thread 0x00007fbf4faef000 Uncommon trap: reason=class_check action=maybe_recompile pc=0x000000011b7e1724 method=java.util.TreeMap.put(Ljava/lang/Object;Ljava/lang/Object;)Ljava/lang/Object; @ 127
Event: 1690.470 Thread 0x00007fbf4faef000 Uncommon trap: reason=class_check action=maybe_recompile pc=0x000000011b7e1724 method=java.util.TreeMap.put(Ljava/lang/Object;Ljava/lang/Object;)Ljava/lang/Object; @ 127
Event: 1690.470 Thread 0x00007fbf4faef000 Uncommon trap: reason=class_check action=maybe_recompile pc=0x000000011b7e1724 method=java.util.TreeMap.put(Ljava/lang/Object;Ljava/lang/Object;)Ljava/lang/Object; @ 127
Event: 1690.470 Thread 0x00007fbf4faef000 Uncommon trap: reason=class_check action=maybe_recompile pc=0x000000011b7e1724 method=java.util.TreeMap.put(Ljava/lang/Object;Ljava/lang/Object;)Ljava/lang/Object; @ 127

Classes redefined (0 events):
No events

Internal exceptions (10 events):
Event: 1690.221 Thread 0x00007fbf4faef000 Exception <a 'java/lang/ClassNotFoundException': org/springframework/web/servlet/view/DefaultRequestToViewNameTranslatorCustomizer> (0x000000076bfc2590) thrown at [/Users/java_re/workspace/8-2-build-macosx-x86_64/jdk8u162/10278/hotspot/src/share/vm/classf
Event: 1690.222 Thread 0x00007fbf4faef000 Exception <a 'java/lang/ClassNotFoundException': org/springframework/web/servlet/RequestToViewNameTranslatorCustomizer> (0x000000076c081550) thrown at [/Users/java_re/workspace/8-2-build-macosx-x86_64/jdk8u162/10278/hotspot/src/share/vm/classfile/systemDi
Event: 1690.226 Thread 0x00007fbf4faef000 Exception <a 'java/lang/ClassNotFoundException': java/lang/ObjectCustomizer> (0x000000076c13a270) thrown at [/Users/java_re/workspace/8-2-build-macosx-x86_64/jdk8u162/10278/hotspot/src/share/vm/classfile/systemDictionary.cpp, line 210]
Event: 1690.227 Thread 0x00007fbf4faef000 Exception <a 'java/lang/ClassNotFoundException': org/springframework/web/servlet/support/AbstractFlashMapManagerCustomizer> (0x000000076c1eea00) thrown at [/Users/java_re/workspace/8-2-build-macosx-x86_64/jdk8u162/10278/hotspot/src/share/vm/classfile/syst
Event: 1690.228 Thread 0x00007fbf4faef000 Exception <a 'java/lang/ClassNotFoundException': org/springframework/web/servlet/support/SessionFlashMapManagerCustomizer> (0x000000076c2a64d0) thrown at [/Users/java_re/workspace/8-2-build-macosx-x86_64/jdk8u162/10278/hotspot/src/share/vm/classfile/syste
Event: 1690.228 Thread 0x00007fbf4faef000 Exception <a 'java/lang/ClassNotFoundException': org/springframework/web/servlet/FlashMapManagerCustomizer> (0x000000076c34ba28) thrown at [/Users/java_re/workspace/8-2-build-macosx-x86_64/jdk8u162/10278/hotspot/src/share/vm/classfile/systemDictionary.cpp
Event: 1690.288 Thread 0x00007fbf4faef000 Exception <a 'java/io/FileNotFoundException'> (0x000000076ce86c10) thrown at [/Users/java_re/workspace/8-2-build-macosx-x86_64/jdk8u162/10278/hotspot/src/share/vm/prims/jni.cpp, line 709]
Event: 1690.288 Thread 0x00007fbf4faef000 Exception <a 'java/io/FileNotFoundException'> (0x000000076ce87b00) thrown at [/Users/java_re/workspace/8-2-build-macosx-x86_64/jdk8u162/10278/hotspot/src/share/vm/prims/jni.cpp, line 709]
Event: 1690.369 Thread 0x00007fbf4faef000 Exception <a 'java/io/FileNotFoundException'> (0x000000076e043d00) thrown at [/Users/java_re/workspace/8-2-build-macosx-x86_64/jdk8u162/10278/hotspot/src/share/vm/prims/jni.cpp, line 709]
Event: 1690.369 Thread 0x00007fbf4faef000 Exception <a 'java/io/FileNotFoundException'> (0x000000076e045648) thrown at [/Users/java_re/workspace/8-2-build-macosx-x86_64/jdk8u162/10278/hotspot/src/share/vm/prims/jni.cpp, line 709]

Events (10 events):
Event: 1690.516 loading class com/github/jaiimageio/plugins/tiff/GeoTIFFTagSet$GeoKeyDirectory
Event: 1690.516 loading class com/github/jaiimageio/plugins/tiff/GeoTIFFTagSet$GeoKeyDirectory done
Event: 1690.516 loading class com/github/jaiimageio/plugins/tiff/GeoTIFFTagSet$GeoDoubleParams
Event: 1690.516 loading class com/github/jaiimageio/plugins/tiff/GeoTIFFTagSet$GeoDoubleParams done
Event: 1690.516 loading class com/github/jaiimageio/plugins/tiff/GeoTIFFTagSet$GeoAsciiParams
Event: 1690.516 loading class com/github/jaiimageio/plugins/tiff/GeoTIFFTagSet$GeoAsciiParams done
Event: 1690.519 loading class java/lang/StrictMath
Event: 1690.519 loading class java/lang/StrictMath done
Event: 1690.519 loading class com/sun/jna/Native$Buffers
Event: 1690.519 loading class com/sun/jna/Native$Buffers done


Dynamic libraries:
0x0000000005775000 	/System/Library/Frameworks/Cocoa.framework/Versions/A/Cocoa
0x0000000005775000 	/System/Library/Frameworks/Security.framework/Versions/A/Security
0x0000000005775000 	/System/Library/Frameworks/ApplicationServices.framework/Versions/A/ApplicationServices
0x0000000005775000 	/usr/lib/libz.1.dylib
0x0000000005775000 	/usr/lib/libSystem.B.dylib
0x0000000005775000 	/usr/lib/libobjc.A.dylib
0x0000000005775000 	/System/Library/Frameworks/CoreFoundation.framework/Versions/A/CoreFoundation
0x0000000005775000 	/System/Library/Frameworks/Foundation.framework/Versions/C/Foundation
0x0000000005775000 	/System/Library/Frameworks/AppKit.framework/Versions/C/AppKit
0x0000000005775000 	/System/Library/Frameworks/CoreData.framework/Versions/A/CoreData
0x0000000005775000 	/System/Library/PrivateFrameworks/RemoteViewServices.framework/Versions/A/RemoteViewServices
0x0000000005775000 	/System/Library/PrivateFrameworks/UIFoundation.framework/Versions/A/UIFoundation
0x0000000005775000 	/System/Library/PrivateFrameworks/DFRFoundation.framework/Versions/A/DFRFoundation
0x0000000005775000 	/System/Library/Frameworks/Metal.framework/Versions/A/Metal
0x0000000005775000 	/System/Library/PrivateFrameworks/DesktopServicesPriv.framework/Versions/A/DesktopServicesPriv
0x0000000005775000 	/usr/lib/libenergytrace.dylib
0x0000000005775000 	/System/Library/PrivateFrameworks/SkyLight.framework/Versions/A/SkyLight
0x0000000005775000 	/System/Library/Frameworks/CoreGraphics.framework/Versions/A/CoreGraphics
0x0000000005775000 	/usr/lib/libScreenReader.dylib
0x0000000005775000 	/System/Library/Frameworks/Accelerate.framework/Versions/A/Accelerate
0x0000000005775000 	/System/Library/Frameworks/IOSurface.framework/Versions/A/IOSurface
0x0000000005775000 	/System/Library/Frameworks/AudioToolbox.framework/Versions/A/AudioToolbox
0x0000000005775000 	/System/Library/Frameworks/AudioUnit.framework/Versions/A/AudioUnit
0x0000000005775000 	/System/Library/PrivateFrameworks/DataDetectorsCore.framework/Versions/A/DataDetectorsCore
0x0000000005775000 	/System/Library/Frameworks/Carbon.framework/Versions/A/Frameworks/HIToolbox.framework/Versions/A/HIToolbox
0x0000000005775000 	/usr/lib/libicucore.A.dylib
0x0000000005775000 	/System/Library/Frameworks/QuartzCore.framework/Versions/A/QuartzCore
0x0000000005775000 	/System/Library/PrivateFrameworks/SignpostNotification.framework/Versions/A/SignpostNotification
0x0000000005775000 	/System/Library/Frameworks/Carbon.framework/Versions/A/Frameworks/SpeechRecognition.framework/Versions/A/SpeechRecognition
0x0000000005775000 	/usr/lib/libauto.dylib
0x0000000005775000 	/usr/lib/libxml2.2.dylib
0x0000000005775000 	/System/Library/PrivateFrameworks/CoreUI.framework/Versions/A/CoreUI
0x0000000005775000 	/System/Library/Frameworks/CoreAudio.framework/Versions/A/CoreAudio
0x0000000005775000 	/System/Library/Frameworks/DiskArbitration.framework/Versions/A/DiskArbitration
0x0000000005775000 	/usr/lib/liblangid.dylib
0x0000000005775000 	/System/Library/PrivateFrameworks/MultitouchSupport.framework/Versions/A/MultitouchSupport
0x0000000005775000 	/System/Library/Frameworks/IOKit.framework/Versions/A/IOKit
0x0000000005775000 	/usr/lib/libDiagnosticMessagesClient.dylib
0x0000000005775000 	/System/Library/Frameworks/CoreServices.framework/Versions/A/CoreServices
0x0000000005775000 	/System/Library/PrivateFrameworks/PerformanceAnalysis.framework/Versions/A/PerformanceAnalysis
0x0000000005775000 	/System/Library/Frameworks/OpenGL.framework/Versions/A/OpenGL
0x0000000005775000 	/System/Library/Frameworks/ColorSync.framework/Versions/A/ColorSync
0x0000000005775000 	/System/Library/Frameworks/CoreImage.framework/Versions/A/CoreImage
0x0000000005775000 	/System/Library/Frameworks/CoreText.framework/Versions/A/CoreText
0x0000000005775000 	/System/Library/Frameworks/ImageIO.framework/Versions/A/ImageIO
0x0000000005775000 	/System/Library/PrivateFrameworks/Backup.framework/Versions/A/Backup
0x0000000005775000 	/usr/lib/libarchive.2.dylib
0x0000000005775000 	/System/Library/Frameworks/CFNetwork.framework/Versions/A/CFNetwork
0x0000000005775000 	/System/Library/Frameworks/SystemConfiguration.framework/Versions/A/SystemConfiguration
0x0000000005775000 	/usr/lib/libCRFSuite.dylib
0x0000000005775000 	/usr/lib/libc++.1.dylib
0x0000000005775000 	/usr/lib/libc++abi.dylib
0x0000000005775000 	/usr/lib/system/libcache.dylib
0x0000000005775000 	/usr/lib/system/libcommonCrypto.dylib
0x0000000005775000 	/usr/lib/system/libcompiler_rt.dylib
0x0000000005775000 	/usr/lib/system/libcopyfile.dylib
0x0000000005775000 	/usr/lib/system/libcorecrypto.dylib
0x0000000005775000 	/usr/lib/system/libdispatch.dylib
0x0000000005775000 	/usr/lib/system/libdyld.dylib
0x0000000005775000 	/usr/lib/system/libkeymgr.dylib
0x0000000005775000 	/usr/lib/system/liblaunch.dylib
0x0000000005775000 	/usr/lib/system/libmacho.dylib
0x0000000005775000 	/usr/lib/system/libquarantine.dylib
0x0000000005775000 	/usr/lib/system/libremovefile.dylib
0x0000000005775000 	/usr/lib/system/libsystem_asl.dylib
0x0000000005775000 	/usr/lib/system/libsystem_blocks.dylib
0x0000000005775000 	/usr/lib/system/libsystem_c.dylib
0x0000000005775000 	/usr/lib/system/libsystem_configuration.dylib
0x0000000005775000 	/usr/lib/system/libsystem_coreservices.dylib
0x0000000005775000 	/usr/lib/system/libsystem_darwin.dylib
0x0000000005775000 	/usr/lib/system/libsystem_dnssd.dylib
0x0000000005775000 	/usr/lib/system/libsystem_info.dylib
0x0000000005775000 	/usr/lib/system/libsystem_m.dylib
0x0000000005775000 	/usr/lib/system/libsystem_malloc.dylib
0x0000000005775000 	/usr/lib/system/libsystem_network.dylib
0x0000000005775000 	/usr/lib/system/libsystem_networkextension.dylib
0x0000000005775000 	/usr/lib/system/libsystem_notify.dylib
0x0000000005775000 	/usr/lib/system/libsystem_sandbox.dylib
0x0000000005775000 	/usr/lib/system/libsystem_secinit.dylib
0x0000000005775000 	/usr/lib/system/libsystem_kernel.dylib
0x0000000005775000 	/usr/lib/system/libsystem_platform.dylib
0x0000000005775000 	/usr/lib/system/libsystem_pthread.dylib
0x0000000005775000 	/usr/lib/system/libsystem_symptoms.dylib
0x0000000005775000 	/usr/lib/system/libsystem_trace.dylib
0x0000000005775000 	/usr/lib/system/libunwind.dylib
0x0000000005775000 	/usr/lib/system/libxpc.dylib
0x0000000005775000 	/usr/lib/closure/libclosured.dylib
0x0000000005775000 	/usr/lib/libbsm.0.dylib
0x0000000005775000 	/usr/lib/system/libkxld.dylib
0x0000000005775000 	/usr/lib/libOpenScriptingUtil.dylib
0x0000000005775000 	/usr/lib/libcoretls.dylib
0x0000000005775000 	/usr/lib/libcoretls_cfhelpers.dylib
0x0000000005775000 	/usr/lib/libpam.2.dylib
0x0000000005775000 	/usr/lib/libsqlite3.dylib
0x0000000005775000 	/usr/lib/libxar.1.dylib
0x0000000005775000 	/usr/lib/libbz2.1.0.dylib
0x0000000005775000 	/usr/lib/liblzma.5.dylib
0x0000000005775000 	/usr/lib/libnetwork.dylib
0x0000000005775000 	/usr/lib/libapple_nghttp2.dylib
0x0000000005775000 	/usr/lib/libpcap.A.dylib
0x0000000005775000 	/usr/lib/libboringssl.dylib
0x0000000005775000 	/usr/lib/libusrtcp.dylib
0x0000000005775000 	/usr/lib/libapple_crypto.dylib
0x0000000005775000 	/System/Library/Frameworks/CoreServices.framework/Versions/A/Frameworks/FSEvents.framework/Versions/A/FSEvents
0x0000000005775000 	/System/Library/Frameworks/CoreServices.framework/Versions/A/Frameworks/CarbonCore.framework/Versions/A/CarbonCore
0x0000000005775000 	/System/Library/Frameworks/CoreServices.framework/Versions/A/Frameworks/Metadata.framework/Versions/A/Metadata
0x0000000005775000 	/System/Library/Frameworks/CoreServices.framework/Versions/A/Frameworks/OSServices.framework/Versions/A/OSServices
0x0000000005775000 	/System/Library/Frameworks/CoreServices.framework/Versions/A/Frameworks/SearchKit.framework/Versions/A/SearchKit
0x0000000005775000 	/System/Library/Frameworks/CoreServices.framework/Versions/A/Frameworks/AE.framework/Versions/A/AE
0x0000000005775000 	/System/Library/Frameworks/CoreServices.framework/Versions/A/Frameworks/LaunchServices.framework/Versions/A/LaunchServices
0x0000000005775000 	/System/Library/Frameworks/CoreServices.framework/Versions/A/Frameworks/DictionaryServices.framework/Versions/A/DictionaryServices
0x0000000005775000 	/System/Library/Frameworks/CoreServices.framework/Versions/A/Frameworks/SharedFileList.framework/Versions/A/SharedFileList
0x0000000005775000 	/System/Library/Frameworks/NetFS.framework/Versions/A/NetFS
0x0000000005775000 	/System/Library/PrivateFrameworks/NetAuth.framework/Versions/A/NetAuth
0x0000000005775000 	/System/Library/PrivateFrameworks/login.framework/Versions/A/Frameworks/loginsupport.framework/Versions/A/loginsupport
0x0000000005775000 	/System/Library/PrivateFrameworks/TCC.framework/Versions/A/TCC
0x0000000005775000 	/usr/lib/libmecabra.dylib
0x0000000005775000 	/System/Library/Frameworks/ApplicationServices.framework/Versions/A/Frameworks/ATS.framework/Versions/A/ATS
0x0000000005775000 	/System/Library/Frameworks/ApplicationServices.framework/Versions/A/Frameworks/ColorSyncLegacy.framework/Versions/A/ColorSyncLegacy
0x0000000005775000 	/System/Library/Frameworks/ApplicationServices.framework/Versions/A/Frameworks/HIServices.framework/Versions/A/HIServices
0x0000000005775000 	/System/Library/Frameworks/ApplicationServices.framework/Versions/A/Frameworks/LangAnalysis.framework/Versions/A/LangAnalysis
0x0000000005775000 	/System/Library/Frameworks/ApplicationServices.framework/Versions/A/Frameworks/PrintCore.framework/Versions/A/PrintCore
0x0000000005775000 	/System/Library/Frameworks/ApplicationServices.framework/Versions/A/Frameworks/QD.framework/Versions/A/QD
0x0000000005775000 	/System/Library/Frameworks/ApplicationServices.framework/Versions/A/Frameworks/SpeechSynthesis.framework/Versions/A/SpeechSynthesis
0x0000000005775000 	/System/Library/Frameworks/CoreDisplay.framework/Versions/A/CoreDisplay
0x0000000005775000 	/System/Library/Frameworks/Accelerate.framework/Versions/A/Frameworks/vImage.framework/Versions/A/vImage
0x0000000005775000 	/System/Library/Frameworks/Accelerate.framework/Versions/A/Frameworks/vecLib.framework/Versions/A/vecLib
0x0000000005775000 	/System/Library/Frameworks/Accelerate.framework/Versions/A/Frameworks/vecLib.framework/Versions/A/libvDSP.dylib
0x0000000005775000 	/System/Library/Frameworks/Accelerate.framework/Versions/A/Frameworks/vecLib.framework/Versions/A/libBNNS.dylib
0x0000000005775000 	/System/Library/Frameworks/Accelerate.framework/Versions/A/Frameworks/vecLib.framework/Versions/A/libQuadrature.dylib
0x0000000005775000 	/System/Library/Frameworks/Accelerate.framework/Versions/A/Frameworks/vecLib.framework/Versions/A/libvMisc.dylib
0x0000000005775000 	/System/Library/Frameworks/Accelerate.framework/Versions/A/Frameworks/vecLib.framework/Versions/A/libLAPACK.dylib
0x0000000005775000 	/System/Library/Frameworks/Accelerate.framework/Versions/A/Frameworks/vecLib.framework/Versions/A/libBLAS.dylib
0x0000000005775000 	/System/Library/Frameworks/Accelerate.framework/Versions/A/Frameworks/vecLib.framework/Versions/A/libLinearAlgebra.dylib
0x0000000005775000 	/System/Library/Frameworks/Accelerate.framework/Versions/A/Frameworks/vecLib.framework/Versions/A/libSparse.dylib
0x0000000005775000 	/System/Library/Frameworks/Accelerate.framework/Versions/A/Frameworks/vecLib.framework/Versions/A/libSparseBLAS.dylib
0x0000000005775000 	/System/Library/PrivateFrameworks/GPUWrangler.framework/Versions/A/GPUWrangler
0x0000000005775000 	/System/Library/PrivateFrameworks/IOAccelerator.framework/Versions/A/IOAccelerator
0x0000000005775000 	/System/Library/PrivateFrameworks/IOPresentment.framework/Versions/A/IOPresentment
0x0000000005775000 	/System/Library/PrivateFrameworks/DSExternalDisplay.framework/Versions/A/DSExternalDisplay
0x0000000005775000 	/System/Library/Frameworks/OpenGL.framework/Versions/A/Libraries/libCoreFSCache.dylib
0x0000000005775000 	/System/Library/Frameworks/CoreVideo.framework/Versions/A/CoreVideo
0x0000000005775000 	/System/Library/PrivateFrameworks/GraphVisualizer.framework/Versions/A/GraphVisualizer
0x0000000005775000 	/System/Library/Frameworks/MetalPerformanceShaders.framework/Versions/A/MetalPerformanceShaders
0x0000000005775000 	/usr/lib/libFosl_dynamic.dylib
0x0000000005775000 	/System/Library/PrivateFrameworks/FaceCore.framework/Versions/A/FaceCore
0x0000000005775000 	/System/Library/Frameworks/OpenCL.framework/Versions/A/OpenCL
0x0000000005775000 	/usr/lib/libcompression.dylib
0x0000000005775000 	/System/Library/Frameworks/ApplicationServices.framework/Versions/A/Frameworks/ATS.framework/Versions/A/Resources/libFontParser.dylib
0x0000000005775000 	/System/Library/Frameworks/ApplicationServices.framework/Versions/A/Frameworks/ATS.framework/Versions/A/Resources/libFontRegistry.dylib
0x0000000005775000 	/System/Library/Frameworks/ImageIO.framework/Versions/A/Resources/libJPEG.dylib
0x0000000005775000 	/System/Library/Frameworks/ImageIO.framework/Versions/A/Resources/libTIFF.dylib
0x0000000005775000 	/System/Library/Frameworks/ImageIO.framework/Versions/A/Resources/libPng.dylib
0x0000000005775000 	/System/Library/Frameworks/ImageIO.framework/Versions/A/Resources/libGIF.dylib
0x0000000005775000 	/System/Library/Frameworks/ImageIO.framework/Versions/A/Resources/libJP2.dylib
0x0000000005775000 	/System/Library/Frameworks/ImageIO.framework/Versions/A/Resources/libRadiance.dylib
0x0000000005775000 	/System/Library/PrivateFrameworks/AppleJPEG.framework/Versions/A/AppleJPEG
0x0000000005775000 	/System/Library/Frameworks/MetalPerformanceShaders.framework/Frameworks/MPSCore.framework/Versions/A/MPSCore
0x0000000005775000 	/System/Library/Frameworks/MetalPerformanceShaders.framework/Frameworks/MPSImage.framework/Versions/A/MPSImage
0x0000000005775000 	/System/Library/Frameworks/MetalPerformanceShaders.framework/Frameworks/MPSNeuralNetwork.framework/Versions/A/MPSNeuralNetwork
0x0000000005775000 	/System/Library/Frameworks/MetalPerformanceShaders.framework/Frameworks/MPSMatrix.framework/Versions/A/MPSMatrix
0x0000000005775000 	/System/Library/PrivateFrameworks/MetalTools.framework/Versions/A/MetalTools
0x0000000005775000 	/System/Library/Frameworks/OpenGL.framework/Versions/A/Libraries/libGLU.dylib
0x0000000005775000 	/System/Library/Frameworks/OpenGL.framework/Versions/A/Libraries/libGFXShared.dylib
0x0000000005775000 	/System/Library/Frameworks/OpenGL.framework/Versions/A/Libraries/libGL.dylib
0x0000000005775000 	/System/Library/Frameworks/OpenGL.framework/Versions/A/Libraries/libGLImage.dylib
0x0000000005775000 	/System/Library/Frameworks/OpenGL.framework/Versions/A/Libraries/libCVMSPluginSupport.dylib
0x0000000005775000 	/System/Library/Frameworks/OpenGL.framework/Versions/A/Libraries/libCoreVMClient.dylib
0x0000000005775000 	/usr/lib/libcups.2.dylib
0x0000000005775000 	/System/Library/Frameworks/Kerberos.framework/Versions/A/Kerberos
0x0000000005775000 	/System/Library/Frameworks/GSS.framework/Versions/A/GSS
0x0000000005775000 	/usr/lib/libresolv.9.dylib
0x0000000005775000 	/usr/lib/libiconv.2.dylib
0x0000000005775000 	/System/Library/PrivateFrameworks/Heimdal.framework/Versions/A/Heimdal
0x0000000005775000 	/usr/lib/libheimdal-asn1.dylib
0x0000000005775000 	/System/Library/Frameworks/OpenDirectory.framework/Versions/A/OpenDirectory
0x0000000005775000 	/System/Library/PrivateFrameworks/CommonAuth.framework/Versions/A/CommonAuth
0x0000000005775000 	/System/Library/Frameworks/OpenDirectory.framework/Versions/A/Frameworks/CFOpenDirectory.framework/Versions/A/CFOpenDirectory
0x0000000005775000 	/System/Library/Frameworks/SecurityFoundation.framework/Versions/A/SecurityFoundation
0x0000000005775000 	/System/Library/PrivateFrameworks/APFS.framework/Versions/A/APFS
0x0000000005775000 	/usr/lib/libutil.dylib
0x0000000005775000 	/System/Library/PrivateFrameworks/AppleSauce.framework/Versions/A/AppleSauce
0x0000000005775000 	/System/Library/PrivateFrameworks/LinguisticData.framework/Versions/A/LinguisticData
0x0000000005775000 	/usr/lib/libmarisa.dylib
0x0000000005775000 	/System/Library/PrivateFrameworks/Lexicon.framework/Versions/A/Lexicon
0x0000000005775000 	/usr/lib/libChineseTokenizer.dylib
0x0000000005775000 	/usr/lib/libcmph.dylib
0x0000000005775000 	/System/Library/PrivateFrameworks/LanguageModeling.framework/Versions/A/LanguageModeling
0x0000000005775000 	/System/Library/PrivateFrameworks/CoreEmoji.framework/Versions/A/CoreEmoji
0x0000000005775000 	/System/Library/Frameworks/ServiceManagement.framework/Versions/A/ServiceManagement
0x0000000005775000 	/System/Library/PrivateFrameworks/BackgroundTaskManagement.framework/Versions/A/BackgroundTaskManagement
0x0000000005775000 	/usr/lib/libxslt.1.dylib
0x0000000005775000 	/System/Library/Frameworks/Carbon.framework/Versions/A/Frameworks/Ink.framework/Versions/A/Ink
0x0000000005775000 	/System/Library/PrivateFrameworks/TextureIO.framework/Versions/A/TextureIO
0x0000000005775000 	/usr/lib/libate.dylib
0x0000000005775000 	/System/Library/PrivateFrameworks/CrashReporterSupport.framework/Versions/A/CrashReporterSupport
0x0000000005775000 	/System/Library/PrivateFrameworks/Sharing.framework/Versions/A/Sharing
0x0000000005775000 	/System/Library/PrivateFrameworks/IconServices.framework/Versions/A/IconServices
0x0000000005775000 	/System/Library/PrivateFrameworks/AuthKit.framework/Versions/A/AuthKit
0x0000000005775000 	/System/Library/PrivateFrameworks/Apple80211.framework/Versions/A/Apple80211
0x0000000005775000 	/System/Library/PrivateFrameworks/CoreUtils.framework/Versions/A/CoreUtils
0x0000000005775000 	/System/Library/Frameworks/CoreWLAN.framework/Versions/A/CoreWLAN
0x0000000005775000 	/System/Library/Frameworks/IOBluetooth.framework/Versions/A/IOBluetooth
0x0000000005775000 	/System/Library/PrivateFrameworks/ProtocolBuffer.framework/Versions/A/ProtocolBuffer
0x0000000005775000 	/System/Library/PrivateFrameworks/MobileKeyBag.framework/Versions/A/MobileKeyBag
0x0000000005775000 	/System/Library/PrivateFrameworks/CorePhoneNumbers.framework/Versions/A/CorePhoneNumbers
0x0000000005775000 	/System/Library/PrivateFrameworks/AppleIDAuthSupport.framework/Versions/A/AppleIDAuthSupport
0x0000000005775000 	/System/Library/PrivateFrameworks/KeychainCircle.framework/Versions/A/KeychainCircle
0x0000000005775000 	/System/Library/PrivateFrameworks/CoreWiFi.framework/Versions/A/CoreWiFi
0x0000000005775000 	/System/Library/Frameworks/CoreBluetooth.framework/Versions/A/CoreBluetooth
0x0000000005775000 	/System/Library/PrivateFrameworks/DebugSymbols.framework/Versions/A/DebugSymbols
0x0000000005775000 	/System/Library/PrivateFrameworks/CoreSymbolication.framework/Versions/A/CoreSymbolication
0x0000000005775000 	/System/Library/PrivateFrameworks/Symbolication.framework/Versions/A/Symbolication
0x0000000005775000 	/System/Library/PrivateFrameworks/AppleFSCompression.framework/Versions/A/AppleFSCompression
0x0000000005775000 	/System/Library/PrivateFrameworks/SpeechRecognitionCore.framework/Versions/A/SpeechRecognitionCore
0x0000000005775000 	/System/Library/CoreServices/Encodings/libSimplifiedChineseConverter.dylib
0x000000010c400000 	/Library/Java/JavaVirtualMachines/jdk1.8.0_162.jdk/Contents/Home/jre/lib/server/libjvm.dylib
0x0000000005775000 	/usr/lib/libstdc++.6.0.9.dylib
0x000000010ba21000 	/Library/Java/JavaVirtualMachines/jdk1.8.0_162.jdk/Contents/Home/jre/lib/libverify.dylib
0x000000010ba2f000 	/Library/Java/JavaVirtualMachines/jdk1.8.0_162.jdk/Contents/Home/jre/lib/libjava.dylib
0x000000010baaf000 	/Library/Java/JavaVirtualMachines/jdk1.8.0_162.jdk/Contents/Home/jre/lib/libzip.dylib
0x000000011a2d2000 	/Library/Java/JavaVirtualMachines/jdk1.8.0_162.jdk/Contents/Home/jre/lib/libmanagement.dylib
0x000000011a2e0000 	/Library/Java/JavaVirtualMachines/jdk1.8.0_162.jdk/Contents/Home/jre/lib/libnet.dylib
0x000000011a162000 	/Library/Java/JavaVirtualMachines/jdk1.8.0_162.jdk/Contents/Home/jre/lib/libnio.dylib
0x000000011a4fe000 	/Library/Java/JavaVirtualMachines/jdk1.8.0_162.jdk/Contents/Home/jre/lib/libawt.dylib
0x000000012a321000 	/Library/Java/JavaVirtualMachines/jdk1.8.0_162.jdk/Contents/Home/jre/lib/./libmlib_image.dylib
0x0000000005775000 	/System/Library/Frameworks/JavaVM.framework/Versions/A/Frameworks/JavaNativeFoundation.framework/Versions/A/JavaNativeFoundation
0x0000000005775000 	/System/Library/Frameworks/JavaVM.framework/Versions/A/Frameworks/JavaRuntimeSupport.framework/Versions/A/JavaRuntimeSupport
0x0000000005775000 	/System/Library/Frameworks/JavaVM.framework/Versions/A/JavaVM
0x0000000005775000 	/System/Library/PrivateFrameworks/JavaLaunching.framework/Versions/A/JavaLaunching
0x0000000005775000 	/System/Library/Frameworks/Carbon.framework/Versions/A/Carbon
0x0000000005775000 	/System/Library/Frameworks/Carbon.framework/Versions/A/Frameworks/CommonPanels.framework/Versions/A/CommonPanels
0x0000000005775000 	/System/Library/Frameworks/Carbon.framework/Versions/A/Frameworks/Help.framework/Versions/A/Help
0x0000000005775000 	/System/Library/Frameworks/Carbon.framework/Versions/A/Frameworks/ImageCapture.framework/Versions/A/ImageCapture
0x0000000005775000 	/System/Library/Frameworks/Carbon.framework/Versions/A/Frameworks/OpenScripting.framework/Versions/A/OpenScripting
0x0000000005775000 	/System/Library/Frameworks/Carbon.framework/Versions/A/Frameworks/Print.framework/Versions/A/Print
0x0000000005775000 	/System/Library/Frameworks/Carbon.framework/Versions/A/Frameworks/SecurityHI.framework/Versions/A/SecurityHI
0x000000012a4c3000 	/Library/Java/JavaVirtualMachines/jdk1.8.0_162.jdk/Contents/Home/jre/lib/libawt_lwawt.dylib
0x000000011a0dc000 	/Library/Java/JavaVirtualMachines/jdk1.8.0_162.jdk/Contents/Home/jre/lib/./libosxapp.dylib
0x0000000005775000 	/System/Library/Frameworks/ExceptionHandling.framework/Versions/A/ExceptionHandling
0x000000011a0f8000 	/Library/Java/JavaVirtualMachines/jdk1.8.0_162.jdk/Contents/Home/jre/lib/libjpeg.dylib
0x000000011a126000 	/private/var/folders/wv/bh92y9_d4p1gbqtx40jftqlm0000gn/T/jna-107020/jna3029382762889524105.tmp
0x000000012beb3000 	/usr/local/lib/libtesseract.dylib
0x000000012c3bc000 	/usr/local/opt/leptonica/lib/liblept.5.dylib
0x000000011a172000 	/usr/local/opt/libpng/lib/libpng16.16.dylib
0x000000011a42e000 	/usr/local/opt/jpeg/lib/libjpeg.9.dylib
0x000000011a5a8000 	/usr/local/opt/libtiff/lib/libtiff.5.dylib

VM Arguments:
java_command: CheckCode-OCR-0.0.1-SNAPSHOT.jar
java_class_path (initial): CheckCode-OCR-0.0.1-SNAPSHOT.jar
Launcher Type: SUN_STANDARD

Environment Variables:
JAVA_HOME=/Library/Java/JavaVirtualMachines/jdk1.8.0_162.jdk/Contents/Home
CLASSPATH=.:/Library/Java/JavaVirtualMachines/jdk1.8.0_162.jdk/Contents/Home/lib/dt.jar:/Library/Java/JavaVirtualMachines/jdk1.8.0_162.jdk/Contents/Home/lib/tools.jar
PATH=/opt/local/bin:/opt/local/sbin:/Users/lee/bin:/Users/lee/go/bin:/Users/lee/Library/Maven/apache-maven-3.5.2/bin:/usr/local/bin:/usr/bin:/bin:/usr/sbin:/sbin:/usr/local/go/bin:/Library/Frameworks/Mono.framework/Versions/Current/Commands:/Library/Java/JavaVirtualMachines/jdk1.8.0_162.jdk/Contents/Home/bin:/Library/Frameworks/Mono.framework/Versions/5.8.1/bin
SHELL=/bin/bash

Signal Handlers:
SIGSEGV: [libjvm.dylib+0x5b52b5], sa_mask[0]=11111111011111110111111111111111, sa_flags=SA_ONSTACK|SA_RESTART|SA_SIGINFO
SIGBUS: [libjvm.dylib+0x5b52b5], sa_mask[0]=11111111011111110111111111111111, sa_flags=SA_RESTART|SA_SIGINFO
SIGFPE: [libjvm.dylib+0x48ac5c], sa_mask[0]=11111111011111110111111111111111, sa_flags=SA_RESTART|SA_SIGINFO
SIGPIPE: [libjvm.dylib+0x48ac5c], sa_mask[0]=11111111011111110111111111111111, sa_flags=SA_RESTART|SA_SIGINFO
SIGXFSZ: [libjvm.dylib+0x48ac5c], sa_mask[0]=11111111011111110111111111111111, sa_flags=SA_RESTART|SA_SIGINFO
SIGILL: [libjvm.dylib+0x48ac5c], sa_mask[0]=11111111011111110111111111111111, sa_flags=SA_RESTART|SA_SIGINFO
SIGUSR1: SIG_DFL, sa_mask[0]=11011111011111100000000111000110, sa_flags=none
SIGUSR2: [libjvm.dylib+0x48a77a], sa_mask[0]=00000000000000000000000000000000, sa_flags=SA_RESTART|SA_SIGINFO
SIGHUP: [libjvm.dylib+0x488d45], sa_mask[0]=11111111011111110111111111111111, sa_flags=SA_RESTART|SA_SIGINFO
SIGINT: [libjvm.dylib+0x488d45], sa_mask[0]=11111111011111110111111111111111, sa_flags=SA_RESTART|SA_SIGINFO
SIGTERM: [libjvm.dylib+0x488d45], sa_mask[0]=11111111011111110111111111111111, sa_flags=SA_RESTART|SA_SIGINFO
SIGQUIT: [libjvm.dylib+0x488d45], sa_mask[0]=11111111011111110111111111111111, sa_flags=SA_RESTART|SA_SIGINFO


---------------  S Y S T E M  ---------------

OS:Bsduname:Darwin 17.7.0 Darwin Kernel Version 17.7.0: Thu Jun 21 22:53:14 PDT 2018; root:xnu-4570.71.2~1/RELEASE_X86_64 x86_64
rlimit: STACK 8192k, CORE 0k, NPROC 1418, NOFILE 10240, AS infinity
load average:4.71 4.81 5.33

CPU:total 4 (initial active 4) (4 cores per cpu, 1 threads per core) family 6 model 158 stepping 9, cmov, cx8, fxsr, mmx, sse, sse2, sse3, ssse3, sse4.1, sse4.2, popcnt, avx, avx2, aes, clmul, erms, 3dnowpref, lzcnt, tsc, tscinvbit, bmi1, bmi2, adx

Memory: 4k page, physical 16777216k(497708k free)

/proc/meminfo:


vm_info: Java HotSpot(TM) 64-Bit Server VM (25.162-b12) for bsd-amd64 JRE (1.8.0_162-b12), built on Dec 19 2017 17:33:35 by "java_re" with gcc 4.2.1 (Based on Apple Inc. build 5658) (LLVM build 2336.11.00)

time: Fri Oct 19 17:09:15 2018
elapsed time: 1690 seconds (0d 0h 28m 10s)

